<?xml version="1.0" encoding="UTF-8"?>
<!-- Generated by org.testng.reporters.JUnitXMLReporter -->
<testsuite ignored="16" hostname="DESKTOP-GQ5FLP2" failures="5" tests="29" name="Negative Testing" time="246.086" errors="0" timestamp="2023-06-06T10:26:26 IST">
  <testcase classname="com.trisysLOS.tests.CreateLoanPageTest" name="@BeforeMethod setUp" time="22.578">
    <failure type="org.openqa.selenium.TimeoutException" message="timeout: Timed out receiving message from renderer: 20.000
  (Session info: chrome=112.0.5615.139)
Build info: version: &amp;apos;4.9.1&amp;apos;, revision: &amp;apos;eb2032df7f&amp;apos;
System info: os.name: &amp;apos;Windows 11&amp;apos;, os.arch: &amp;apos;amd64&amp;apos;, os.version: &amp;apos;10.0&amp;apos;, java.version: &amp;apos;20.0.1&amp;apos;
Driver info: org.openqa.selenium.chrome.ChromeDriver
Command: [bdd60223fee68ff8b0da63d2d14c3d44, clickElement {id=3081ccd2-4e04-4f5e-9799-6346c31b82ab}]
Capabilities {acceptInsecureCerts: false, browserName: chrome, browserVersion: 112.0.5615.139, chrome: {chromedriverVersion: 112.0.5615.49 (bd2a7bcb881c..., userDataDir: C:\Users\Venu\AppData\Local...}, goog:chromeOptions: {debuggerAddress: localhost:65276}, networkConnectionEnabled: false, pageLoadStrategy: normal, platformName: windows, proxy: Proxy(), se:cdp: ws://localhost:65276/devtoo..., se:cdpVersion: 112.0.5615.139, setWindowRect: true, strictFileInteractability: false, timeouts: {implicit: 0, pageLoad: 300000, script: 30000}, unhandledPromptBehavior: dismiss and notify, webauthn:extension:credBlob: true, webauthn:extension:largeBlob: true, webauthn:extension:minPinLength: true, webauthn:extension:prf: true, webauthn:virtualAuthenticators: true}
Element: [[ChromeDriver: chrome on windows (bdd60223fee68ff8b0da63d2d14c3d44)] -&amp;gt; xpath: //*[text()=&amp;apos;Sign In&amp;apos;]]
Session ID: bdd60223fee68ff8b0da63d2d14c3d44">
      <![CDATA[org.openqa.selenium.TimeoutException: timeout: Timed out receiving message from renderer: 20.000
  (Session info: chrome=112.0.5615.139)
Build info: version: '4.9.1', revision: 'eb2032df7f'
System info: os.name: 'Windows 11', os.arch: 'amd64', os.version: '10.0', java.version: '20.0.1'
Driver info: org.openqa.selenium.chrome.ChromeDriver
Command: [bdd60223fee68ff8b0da63d2d14c3d44, clickElement {id=3081ccd2-4e04-4f5e-9799-6346c31b82ab}]
Capabilities {acceptInsecureCerts: false, browserName: chrome, browserVersion: 112.0.5615.139, chrome: {chromedriverVersion: 112.0.5615.49 (bd2a7bcb881c..., userDataDir: C:\Users\Venu\AppData\Local...}, goog:chromeOptions: {debuggerAddress: localhost:65276}, networkConnectionEnabled: false, pageLoadStrategy: normal, platformName: windows, proxy: Proxy(), se:cdp: ws://localhost:65276/devtoo..., se:cdpVersion: 112.0.5615.139, setWindowRect: true, strictFileInteractability: false, timeouts: {implicit: 0, pageLoad: 300000, script: 30000}, unhandledPromptBehavior: dismiss and notify, webauthn:extension:credBlob: true, webauthn:extension:largeBlob: true, webauthn:extension:minPinLength: true, webauthn:extension:prf: true, webauthn:virtualAuthenticators: true}
Element: [[ChromeDriver: chrome on windows (bdd60223fee68ff8b0da63d2d14c3d44)] -> xpath: //*[text()='Sign In']]
Session ID: bdd60223fee68ff8b0da63d2d14c3d44
at org.openqa.selenium.remote.codec.w3c.W3CHttpResponseCodec.createException(W3CHttpResponseCodec.java:200)
at org.openqa.selenium.remote.codec.w3c.W3CHttpResponseCodec.decode(W3CHttpResponseCodec.java:133)
at org.openqa.selenium.remote.codec.w3c.W3CHttpResponseCodec.decode(W3CHttpResponseCodec.java:53)
at org.openqa.selenium.remote.HttpCommandExecutor.execute(HttpCommandExecutor.java:193)
at org.openqa.selenium.remote.service.DriverCommandExecutor.invokeExecute(DriverCommandExecutor.java:183)
at org.openqa.selenium.remote.service.DriverCommandExecutor.execute(DriverCommandExecutor.java:158)
at org.openqa.selenium.remote.RemoteWebDriver.execute(RemoteWebDriver.java:543)
at org.openqa.selenium.remote.RemoteWebElement.execute(RemoteWebElement.java:257)
at org.openqa.selenium.remote.RemoteWebElement.click(RemoteWebElement.java:78)
at org.openqa.selenium.support.pagefactory.internal.LocatingElementHandler.invoke(LocatingElementHandler.java:52)
at jdk.proxy2/jdk.proxy2.$Proxy20.click(Unknown Source)
at com.trisysLOS.pageObjects.AdminLoginPage.EnterValidLoginCredentials(AdminLoginPage.java:55)
at com.trisysLOS.tests.CreateLoanPageTest.setUp(CreateLoanPageTest.java:40)
at java.base/java.util.ArrayList.forEach(ArrayList.java:1511)
... Removed 34 stack frames]]>
    </failure>
  </testcase> <!-- @BeforeMethod setUp -->
  <testcase classname="com.trisysLOS.tests.CreateLoanPageTest" name="@BeforeMethod setUp" time="21.97">
    <failure type="org.openqa.selenium.TimeoutException" message="timeout: Timed out receiving message from renderer: 20.000
  (Session info: chrome=112.0.5615.139)
Build info: version: &amp;apos;4.9.1&amp;apos;, revision: &amp;apos;eb2032df7f&amp;apos;
System info: os.name: &amp;apos;Windows 11&amp;apos;, os.arch: &amp;apos;amd64&amp;apos;, os.version: &amp;apos;10.0&amp;apos;, java.version: &amp;apos;20.0.1&amp;apos;
Driver info: org.openqa.selenium.chrome.ChromeDriver
Command: [d0b0b21542393a812852aafe354fd1ef, clickElement {id=096f2656-45c0-43ab-bea0-f6baecbf8411}]
Capabilities {acceptInsecureCerts: false, browserName: chrome, browserVersion: 112.0.5615.139, chrome: {chromedriverVersion: 112.0.5615.49 (bd2a7bcb881c..., userDataDir: C:\Users\Venu\AppData\Local...}, goog:chromeOptions: {debuggerAddress: localhost:65309}, networkConnectionEnabled: false, pageLoadStrategy: normal, platformName: windows, proxy: Proxy(), se:cdp: ws://localhost:65309/devtoo..., se:cdpVersion: 112.0.5615.139, setWindowRect: true, strictFileInteractability: false, timeouts: {implicit: 0, pageLoad: 300000, script: 30000}, unhandledPromptBehavior: dismiss and notify, webauthn:extension:credBlob: true, webauthn:extension:largeBlob: true, webauthn:extension:minPinLength: true, webauthn:extension:prf: true, webauthn:virtualAuthenticators: true}
Element: [[ChromeDriver: chrome on windows (d0b0b21542393a812852aafe354fd1ef)] -&amp;gt; xpath: //*[text()=&amp;apos;Sign In&amp;apos;]]
Session ID: d0b0b21542393a812852aafe354fd1ef">
      <![CDATA[org.openqa.selenium.TimeoutException: timeout: Timed out receiving message from renderer: 20.000
  (Session info: chrome=112.0.5615.139)
Build info: version: '4.9.1', revision: 'eb2032df7f'
System info: os.name: 'Windows 11', os.arch: 'amd64', os.version: '10.0', java.version: '20.0.1'
Driver info: org.openqa.selenium.chrome.ChromeDriver
Command: [d0b0b21542393a812852aafe354fd1ef, clickElement {id=096f2656-45c0-43ab-bea0-f6baecbf8411}]
Capabilities {acceptInsecureCerts: false, browserName: chrome, browserVersion: 112.0.5615.139, chrome: {chromedriverVersion: 112.0.5615.49 (bd2a7bcb881c..., userDataDir: C:\Users\Venu\AppData\Local...}, goog:chromeOptions: {debuggerAddress: localhost:65309}, networkConnectionEnabled: false, pageLoadStrategy: normal, platformName: windows, proxy: Proxy(), se:cdp: ws://localhost:65309/devtoo..., se:cdpVersion: 112.0.5615.139, setWindowRect: true, strictFileInteractability: false, timeouts: {implicit: 0, pageLoad: 300000, script: 30000}, unhandledPromptBehavior: dismiss and notify, webauthn:extension:credBlob: true, webauthn:extension:largeBlob: true, webauthn:extension:minPinLength: true, webauthn:extension:prf: true, webauthn:virtualAuthenticators: true}
Element: [[ChromeDriver: chrome on windows (d0b0b21542393a812852aafe354fd1ef)] -> xpath: //*[text()='Sign In']]
Session ID: d0b0b21542393a812852aafe354fd1ef
at org.openqa.selenium.remote.codec.w3c.W3CHttpResponseCodec.createException(W3CHttpResponseCodec.java:200)
at org.openqa.selenium.remote.codec.w3c.W3CHttpResponseCodec.decode(W3CHttpResponseCodec.java:133)
at org.openqa.selenium.remote.codec.w3c.W3CHttpResponseCodec.decode(W3CHttpResponseCodec.java:53)
at org.openqa.selenium.remote.HttpCommandExecutor.execute(HttpCommandExecutor.java:193)
at org.openqa.selenium.remote.service.DriverCommandExecutor.invokeExecute(DriverCommandExecutor.java:183)
at org.openqa.selenium.remote.service.DriverCommandExecutor.execute(DriverCommandExecutor.java:158)
at org.openqa.selenium.remote.RemoteWebDriver.execute(RemoteWebDriver.java:543)
at org.openqa.selenium.remote.RemoteWebElement.execute(RemoteWebElement.java:257)
at org.openqa.selenium.remote.RemoteWebElement.click(RemoteWebElement.java:78)
at org.openqa.selenium.support.pagefactory.internal.LocatingElementHandler.invoke(LocatingElementHandler.java:52)
at jdk.proxy2/jdk.proxy2.$Proxy20.click(Unknown Source)
at com.trisysLOS.pageObjects.AdminLoginPage.EnterValidLoginCredentials(AdminLoginPage.java:55)
at com.trisysLOS.tests.CreateLoanPageTest.setUp(CreateLoanPageTest.java:40)
at java.base/java.util.ArrayList.forEach(ArrayList.java:1511)
... Removed 34 stack frames]]>
    </failure>
  </testcase> <!-- @BeforeMethod setUp -->
  <testcase classname="com.trisysLOS.tests.CreateLoanPageTest" name="@BeforeMethod setUp" time="22.289">
    <failure type="org.openqa.selenium.TimeoutException" message="timeout: Timed out receiving message from renderer: 20.000
  (Session info: chrome=112.0.5615.139)
Build info: version: &amp;apos;4.9.1&amp;apos;, revision: &amp;apos;eb2032df7f&amp;apos;
System info: os.name: &amp;apos;Windows 11&amp;apos;, os.arch: &amp;apos;amd64&amp;apos;, os.version: &amp;apos;10.0&amp;apos;, java.version: &amp;apos;20.0.1&amp;apos;
Driver info: org.openqa.selenium.chrome.ChromeDriver
Command: [56f1c269314db2a75e73fed0549067ba, clickElement {id=6854cbad-ab9a-4dc6-97d3-723c0ec044de}]
Capabilities {acceptInsecureCerts: false, browserName: chrome, browserVersion: 112.0.5615.139, chrome: {chromedriverVersion: 112.0.5615.49 (bd2a7bcb881c..., userDataDir: C:\Users\Venu\AppData\Local...}, goog:chromeOptions: {debuggerAddress: localhost:65344}, networkConnectionEnabled: false, pageLoadStrategy: normal, platformName: windows, proxy: Proxy(), se:cdp: ws://localhost:65344/devtoo..., se:cdpVersion: 112.0.5615.139, setWindowRect: true, strictFileInteractability: false, timeouts: {implicit: 0, pageLoad: 300000, script: 30000}, unhandledPromptBehavior: dismiss and notify, webauthn:extension:credBlob: true, webauthn:extension:largeBlob: true, webauthn:extension:minPinLength: true, webauthn:extension:prf: true, webauthn:virtualAuthenticators: true}
Element: [[ChromeDriver: chrome on windows (56f1c269314db2a75e73fed0549067ba)] -&amp;gt; xpath: //*[text()=&amp;apos;Sign In&amp;apos;]]
Session ID: 56f1c269314db2a75e73fed0549067ba">
      <![CDATA[org.openqa.selenium.TimeoutException: timeout: Timed out receiving message from renderer: 20.000
  (Session info: chrome=112.0.5615.139)
Build info: version: '4.9.1', revision: 'eb2032df7f'
System info: os.name: 'Windows 11', os.arch: 'amd64', os.version: '10.0', java.version: '20.0.1'
Driver info: org.openqa.selenium.chrome.ChromeDriver
Command: [56f1c269314db2a75e73fed0549067ba, clickElement {id=6854cbad-ab9a-4dc6-97d3-723c0ec044de}]
Capabilities {acceptInsecureCerts: false, browserName: chrome, browserVersion: 112.0.5615.139, chrome: {chromedriverVersion: 112.0.5615.49 (bd2a7bcb881c..., userDataDir: C:\Users\Venu\AppData\Local...}, goog:chromeOptions: {debuggerAddress: localhost:65344}, networkConnectionEnabled: false, pageLoadStrategy: normal, platformName: windows, proxy: Proxy(), se:cdp: ws://localhost:65344/devtoo..., se:cdpVersion: 112.0.5615.139, setWindowRect: true, strictFileInteractability: false, timeouts: {implicit: 0, pageLoad: 300000, script: 30000}, unhandledPromptBehavior: dismiss and notify, webauthn:extension:credBlob: true, webauthn:extension:largeBlob: true, webauthn:extension:minPinLength: true, webauthn:extension:prf: true, webauthn:virtualAuthenticators: true}
Element: [[ChromeDriver: chrome on windows (56f1c269314db2a75e73fed0549067ba)] -> xpath: //*[text()='Sign In']]
Session ID: 56f1c269314db2a75e73fed0549067ba
at org.openqa.selenium.remote.codec.w3c.W3CHttpResponseCodec.createException(W3CHttpResponseCodec.java:200)
at org.openqa.selenium.remote.codec.w3c.W3CHttpResponseCodec.decode(W3CHttpResponseCodec.java:133)
at org.openqa.selenium.remote.codec.w3c.W3CHttpResponseCodec.decode(W3CHttpResponseCodec.java:53)
at org.openqa.selenium.remote.HttpCommandExecutor.execute(HttpCommandExecutor.java:193)
at org.openqa.selenium.remote.service.DriverCommandExecutor.invokeExecute(DriverCommandExecutor.java:183)
at org.openqa.selenium.remote.service.DriverCommandExecutor.execute(DriverCommandExecutor.java:158)
at org.openqa.selenium.remote.RemoteWebDriver.execute(RemoteWebDriver.java:543)
at org.openqa.selenium.remote.RemoteWebElement.execute(RemoteWebElement.java:257)
at org.openqa.selenium.remote.RemoteWebElement.click(RemoteWebElement.java:78)
at org.openqa.selenium.support.pagefactory.internal.LocatingElementHandler.invoke(LocatingElementHandler.java:52)
at jdk.proxy2/jdk.proxy2.$Proxy20.click(Unknown Source)
at com.trisysLOS.pageObjects.AdminLoginPage.EnterValidLoginCredentials(AdminLoginPage.java:55)
at com.trisysLOS.tests.CreateLoanPageTest.setUp(CreateLoanPageTest.java:40)
at java.base/java.util.ArrayList.forEach(ArrayList.java:1511)
... Removed 34 stack frames]]>
    </failure>
  </testcase> <!-- @BeforeMethod setUp -->
  <testcase classname="com.trisysLOS.tests.CreateLoanPageTest" name="@BeforeMethod setUp" time="23.12">
    <failure type="org.openqa.selenium.TimeoutException" message="timeout: Timed out receiving message from renderer: 20.000
  (Session info: chrome=112.0.5615.139)
Build info: version: &amp;apos;4.9.1&amp;apos;, revision: &amp;apos;eb2032df7f&amp;apos;
System info: os.name: &amp;apos;Windows 11&amp;apos;, os.arch: &amp;apos;amd64&amp;apos;, os.version: &amp;apos;10.0&amp;apos;, java.version: &amp;apos;20.0.1&amp;apos;
Driver info: org.openqa.selenium.chrome.ChromeDriver
Command: [d27464108d6131f8083806a1f1fe1871, clickElement {id=1e55860e-e544-482d-9383-204608039c37}]
Capabilities {acceptInsecureCerts: false, browserName: chrome, browserVersion: 112.0.5615.139, chrome: {chromedriverVersion: 112.0.5615.49 (bd2a7bcb881c..., userDataDir: C:\Users\Venu\AppData\Local...}, goog:chromeOptions: {debuggerAddress: localhost:65378}, networkConnectionEnabled: false, pageLoadStrategy: normal, platformName: windows, proxy: Proxy(), se:cdp: ws://localhost:65378/devtoo..., se:cdpVersion: 112.0.5615.139, setWindowRect: true, strictFileInteractability: false, timeouts: {implicit: 0, pageLoad: 300000, script: 30000}, unhandledPromptBehavior: dismiss and notify, webauthn:extension:credBlob: true, webauthn:extension:largeBlob: true, webauthn:extension:minPinLength: true, webauthn:extension:prf: true, webauthn:virtualAuthenticators: true}
Element: [[ChromeDriver: chrome on windows (d27464108d6131f8083806a1f1fe1871)] -&amp;gt; xpath: //*[text()=&amp;apos;Sign In&amp;apos;]]
Session ID: d27464108d6131f8083806a1f1fe1871">
      <![CDATA[org.openqa.selenium.TimeoutException: timeout: Timed out receiving message from renderer: 20.000
  (Session info: chrome=112.0.5615.139)
Build info: version: '4.9.1', revision: 'eb2032df7f'
System info: os.name: 'Windows 11', os.arch: 'amd64', os.version: '10.0', java.version: '20.0.1'
Driver info: org.openqa.selenium.chrome.ChromeDriver
Command: [d27464108d6131f8083806a1f1fe1871, clickElement {id=1e55860e-e544-482d-9383-204608039c37}]
Capabilities {acceptInsecureCerts: false, browserName: chrome, browserVersion: 112.0.5615.139, chrome: {chromedriverVersion: 112.0.5615.49 (bd2a7bcb881c..., userDataDir: C:\Users\Venu\AppData\Local...}, goog:chromeOptions: {debuggerAddress: localhost:65378}, networkConnectionEnabled: false, pageLoadStrategy: normal, platformName: windows, proxy: Proxy(), se:cdp: ws://localhost:65378/devtoo..., se:cdpVersion: 112.0.5615.139, setWindowRect: true, strictFileInteractability: false, timeouts: {implicit: 0, pageLoad: 300000, script: 30000}, unhandledPromptBehavior: dismiss and notify, webauthn:extension:credBlob: true, webauthn:extension:largeBlob: true, webauthn:extension:minPinLength: true, webauthn:extension:prf: true, webauthn:virtualAuthenticators: true}
Element: [[ChromeDriver: chrome on windows (d27464108d6131f8083806a1f1fe1871)] -> xpath: //*[text()='Sign In']]
Session ID: d27464108d6131f8083806a1f1fe1871
at org.openqa.selenium.remote.codec.w3c.W3CHttpResponseCodec.createException(W3CHttpResponseCodec.java:200)
at org.openqa.selenium.remote.codec.w3c.W3CHttpResponseCodec.decode(W3CHttpResponseCodec.java:133)
at org.openqa.selenium.remote.codec.w3c.W3CHttpResponseCodec.decode(W3CHttpResponseCodec.java:53)
at org.openqa.selenium.remote.HttpCommandExecutor.execute(HttpCommandExecutor.java:193)
at org.openqa.selenium.remote.service.DriverCommandExecutor.invokeExecute(DriverCommandExecutor.java:183)
at org.openqa.selenium.remote.service.DriverCommandExecutor.execute(DriverCommandExecutor.java:158)
at org.openqa.selenium.remote.RemoteWebDriver.execute(RemoteWebDriver.java:543)
at org.openqa.selenium.remote.RemoteWebElement.execute(RemoteWebElement.java:257)
at org.openqa.selenium.remote.RemoteWebElement.click(RemoteWebElement.java:78)
at org.openqa.selenium.support.pagefactory.internal.LocatingElementHandler.invoke(LocatingElementHandler.java:52)
at jdk.proxy2/jdk.proxy2.$Proxy20.click(Unknown Source)
at com.trisysLOS.pageObjects.AdminLoginPage.EnterValidLoginCredentials(AdminLoginPage.java:55)
at com.trisysLOS.tests.CreateLoanPageTest.setUp(CreateLoanPageTest.java:40)
at java.base/java.util.ArrayList.forEach(ArrayList.java:1511)
... Removed 34 stack frames]]>
    </failure>
  </testcase> <!-- @BeforeMethod setUp -->
  <testcase classname="com.trisysLOS.tests.CreateLoanPageTest" name="@BeforeMethod setUp" time="22.141">
    <failure type="org.openqa.selenium.TimeoutException" message="timeout: Timed out receiving message from renderer: 20.000
  (Session info: chrome=112.0.5615.139)
Build info: version: &amp;apos;4.9.1&amp;apos;, revision: &amp;apos;eb2032df7f&amp;apos;
System info: os.name: &amp;apos;Windows 11&amp;apos;, os.arch: &amp;apos;amd64&amp;apos;, os.version: &amp;apos;10.0&amp;apos;, java.version: &amp;apos;20.0.1&amp;apos;
Driver info: org.openqa.selenium.chrome.ChromeDriver
Command: [2e288a00fe2d8f1a442d5bc29814e97f, clickElement {id=2ed489dc-0676-4719-9739-d37ff3281e73}]
Capabilities {acceptInsecureCerts: false, browserName: chrome, browserVersion: 112.0.5615.139, chrome: {chromedriverVersion: 112.0.5615.49 (bd2a7bcb881c..., userDataDir: C:\Users\Venu\AppData\Local...}, goog:chromeOptions: {debuggerAddress: localhost:65415}, networkConnectionEnabled: false, pageLoadStrategy: normal, platformName: windows, proxy: Proxy(), se:cdp: ws://localhost:65415/devtoo..., se:cdpVersion: 112.0.5615.139, setWindowRect: true, strictFileInteractability: false, timeouts: {implicit: 0, pageLoad: 300000, script: 30000}, unhandledPromptBehavior: dismiss and notify, webauthn:extension:credBlob: true, webauthn:extension:largeBlob: true, webauthn:extension:minPinLength: true, webauthn:extension:prf: true, webauthn:virtualAuthenticators: true}
Element: [[ChromeDriver: chrome on windows (2e288a00fe2d8f1a442d5bc29814e97f)] -&amp;gt; xpath: //*[text()=&amp;apos;Sign In&amp;apos;]]
Session ID: 2e288a00fe2d8f1a442d5bc29814e97f">
      <![CDATA[org.openqa.selenium.TimeoutException: timeout: Timed out receiving message from renderer: 20.000
  (Session info: chrome=112.0.5615.139)
Build info: version: '4.9.1', revision: 'eb2032df7f'
System info: os.name: 'Windows 11', os.arch: 'amd64', os.version: '10.0', java.version: '20.0.1'
Driver info: org.openqa.selenium.chrome.ChromeDriver
Command: [2e288a00fe2d8f1a442d5bc29814e97f, clickElement {id=2ed489dc-0676-4719-9739-d37ff3281e73}]
Capabilities {acceptInsecureCerts: false, browserName: chrome, browserVersion: 112.0.5615.139, chrome: {chromedriverVersion: 112.0.5615.49 (bd2a7bcb881c..., userDataDir: C:\Users\Venu\AppData\Local...}, goog:chromeOptions: {debuggerAddress: localhost:65415}, networkConnectionEnabled: false, pageLoadStrategy: normal, platformName: windows, proxy: Proxy(), se:cdp: ws://localhost:65415/devtoo..., se:cdpVersion: 112.0.5615.139, setWindowRect: true, strictFileInteractability: false, timeouts: {implicit: 0, pageLoad: 300000, script: 30000}, unhandledPromptBehavior: dismiss and notify, webauthn:extension:credBlob: true, webauthn:extension:largeBlob: true, webauthn:extension:minPinLength: true, webauthn:extension:prf: true, webauthn:virtualAuthenticators: true}
Element: [[ChromeDriver: chrome on windows (2e288a00fe2d8f1a442d5bc29814e97f)] -> xpath: //*[text()='Sign In']]
Session ID: 2e288a00fe2d8f1a442d5bc29814e97f
at org.openqa.selenium.remote.codec.w3c.W3CHttpResponseCodec.createException(W3CHttpResponseCodec.java:200)
at org.openqa.selenium.remote.codec.w3c.W3CHttpResponseCodec.decode(W3CHttpResponseCodec.java:133)
at org.openqa.selenium.remote.codec.w3c.W3CHttpResponseCodec.decode(W3CHttpResponseCodec.java:53)
at org.openqa.selenium.remote.HttpCommandExecutor.execute(HttpCommandExecutor.java:193)
at org.openqa.selenium.remote.service.DriverCommandExecutor.invokeExecute(DriverCommandExecutor.java:183)
at org.openqa.selenium.remote.service.DriverCommandExecutor.execute(DriverCommandExecutor.java:158)
at org.openqa.selenium.remote.RemoteWebDriver.execute(RemoteWebDriver.java:543)
at org.openqa.selenium.remote.RemoteWebElement.execute(RemoteWebElement.java:257)
at org.openqa.selenium.remote.RemoteWebElement.click(RemoteWebElement.java:78)
at org.openqa.selenium.support.pagefactory.internal.LocatingElementHandler.invoke(LocatingElementHandler.java:52)
at jdk.proxy2/jdk.proxy2.$Proxy20.click(Unknown Source)
at com.trisysLOS.pageObjects.AdminLoginPage.EnterValidLoginCredentials(AdminLoginPage.java:55)
at com.trisysLOS.tests.CreateLoanPageTest.setUp(CreateLoanPageTest.java:40)
at java.base/java.util.ArrayList.forEach(ArrayList.java:1511)
... Removed 34 stack frames]]>
    </failure>
  </testcase> <!-- @BeforeMethod setUp -->
  <testcase classname="com.trisysLOS.tests.CreateLoanPageTest" name="@BeforeMethod setUp" time="23.42">
    <failure type="org.openqa.selenium.TimeoutException" message="timeout: Timed out receiving message from renderer: 20.000
  (Session info: chrome=112.0.5615.139)
Build info: version: &amp;apos;4.9.1&amp;apos;, revision: &amp;apos;eb2032df7f&amp;apos;
System info: os.name: &amp;apos;Windows 11&amp;apos;, os.arch: &amp;apos;amd64&amp;apos;, os.version: &amp;apos;10.0&amp;apos;, java.version: &amp;apos;20.0.1&amp;apos;
Driver info: org.openqa.selenium.chrome.ChromeDriver
Command: [a27fc7204aeff8682474323e63871858, clickElement {id=34343378-9541-45e6-ac0a-a09c99ae31c1}]
Capabilities {acceptInsecureCerts: false, browserName: chrome, browserVersion: 112.0.5615.139, chrome: {chromedriverVersion: 112.0.5615.49 (bd2a7bcb881c..., userDataDir: C:\Users\Venu\AppData\Local...}, goog:chromeOptions: {debuggerAddress: localhost:65451}, networkConnectionEnabled: false, pageLoadStrategy: normal, platformName: windows, proxy: Proxy(), se:cdp: ws://localhost:65451/devtoo..., se:cdpVersion: 112.0.5615.139, setWindowRect: true, strictFileInteractability: false, timeouts: {implicit: 0, pageLoad: 300000, script: 30000}, unhandledPromptBehavior: dismiss and notify, webauthn:extension:credBlob: true, webauthn:extension:largeBlob: true, webauthn:extension:minPinLength: true, webauthn:extension:prf: true, webauthn:virtualAuthenticators: true}
Element: [[ChromeDriver: chrome on windows (a27fc7204aeff8682474323e63871858)] -&amp;gt; xpath: //*[text()=&amp;apos;Sign In&amp;apos;]]
Session ID: a27fc7204aeff8682474323e63871858">
      <![CDATA[org.openqa.selenium.TimeoutException: timeout: Timed out receiving message from renderer: 20.000
  (Session info: chrome=112.0.5615.139)
Build info: version: '4.9.1', revision: 'eb2032df7f'
System info: os.name: 'Windows 11', os.arch: 'amd64', os.version: '10.0', java.version: '20.0.1'
Driver info: org.openqa.selenium.chrome.ChromeDriver
Command: [a27fc7204aeff8682474323e63871858, clickElement {id=34343378-9541-45e6-ac0a-a09c99ae31c1}]
Capabilities {acceptInsecureCerts: false, browserName: chrome, browserVersion: 112.0.5615.139, chrome: {chromedriverVersion: 112.0.5615.49 (bd2a7bcb881c..., userDataDir: C:\Users\Venu\AppData\Local...}, goog:chromeOptions: {debuggerAddress: localhost:65451}, networkConnectionEnabled: false, pageLoadStrategy: normal, platformName: windows, proxy: Proxy(), se:cdp: ws://localhost:65451/devtoo..., se:cdpVersion: 112.0.5615.139, setWindowRect: true, strictFileInteractability: false, timeouts: {implicit: 0, pageLoad: 300000, script: 30000}, unhandledPromptBehavior: dismiss and notify, webauthn:extension:credBlob: true, webauthn:extension:largeBlob: true, webauthn:extension:minPinLength: true, webauthn:extension:prf: true, webauthn:virtualAuthenticators: true}
Element: [[ChromeDriver: chrome on windows (a27fc7204aeff8682474323e63871858)] -> xpath: //*[text()='Sign In']]
Session ID: a27fc7204aeff8682474323e63871858
at org.openqa.selenium.remote.codec.w3c.W3CHttpResponseCodec.createException(W3CHttpResponseCodec.java:200)
at org.openqa.selenium.remote.codec.w3c.W3CHttpResponseCodec.decode(W3CHttpResponseCodec.java:133)
at org.openqa.selenium.remote.codec.w3c.W3CHttpResponseCodec.decode(W3CHttpResponseCodec.java:53)
at org.openqa.selenium.remote.HttpCommandExecutor.execute(HttpCommandExecutor.java:193)
at org.openqa.selenium.remote.service.DriverCommandExecutor.invokeExecute(DriverCommandExecutor.java:183)
at org.openqa.selenium.remote.service.DriverCommandExecutor.execute(DriverCommandExecutor.java:158)
at org.openqa.selenium.remote.RemoteWebDriver.execute(RemoteWebDriver.java:543)
at org.openqa.selenium.remote.RemoteWebElement.execute(RemoteWebElement.java:257)
at org.openqa.selenium.remote.RemoteWebElement.click(RemoteWebElement.java:78)
at org.openqa.selenium.support.pagefactory.internal.LocatingElementHandler.invoke(LocatingElementHandler.java:52)
at jdk.proxy2/jdk.proxy2.$Proxy20.click(Unknown Source)
at com.trisysLOS.pageObjects.AdminLoginPage.EnterValidLoginCredentials(AdminLoginPage.java:55)
at com.trisysLOS.tests.CreateLoanPageTest.setUp(CreateLoanPageTest.java:40)
at java.base/java.util.ArrayList.forEach(ArrayList.java:1511)
... Removed 34 stack frames]]>
    </failure>
  </testcase> <!-- @BeforeMethod setUp -->
  <testcase classname="com.trisysLOS.tests.AdminLoginPageTest" name="LOS_TC_Login_003" time="0.56"/>
  <testcase classname="com.trisysLOS.tests.AdminLoginPageTest" name="LOS_TC_Login_004" time="0.686"/>
  <testcase classname="com.trisysLOS.tests.AdminLoginPageTest" name="LOS_TC_Login_005" time="0.465"/>
  <testcase classname="com.trisysLOS.tests.AdminLoginPageTest" name="LOS_TC_Login_006" time="0.612"/>
  <testcase classname="com.trisysLOS.tests.AdminLoginPageTest" name="LOS_TC_Login_007" time="0.468"/>
  <testcase classname="com.trisysLOS.tests.AdminLoginPageTest" name="LOS_TC_Login_008" time="0.345"/>
  <testcase classname="com.trisysLOS.tests.CreateLoanPageTest" name="LOS_TC_CreateLoan_005" time="0.07"/>
  <testcase classname="com.trisysLOS.tests.CreateLoanPageTest" name="LOS_TC_CreateLoan_024" time="0.279"/>
  <testcase classname="com.trisysLOS.tests.CreateLoanPageTest" name="LOS_TC_CreateLoan_040" time="0.61"/>
  <testcase classname="com.trisysLOS.tests.CreateLoanPageTest" name="LOS_TC_CreateLoan_041" time="0.618"/>
  <testcase classname="com.trisysLOS.tests.CreateLoanPageTest" name="LOS_TC_CreateLoan_042" time="1.648">
    <failure type="java.lang.AssertionError" message="expected [true] but found [false]">
      <![CDATA[java.lang.AssertionError: expected [true] but found [false]
at com.trisysLOS.tests.CreateLoanPageTest.LOS_TC_CreateLoan_042(CreateLoanPageTest.java:441)
at java.base/java.util.ArrayList.forEach(ArrayList.java:1511)
... Removed 29 stack frames]]>
    </failure>
  </testcase> <!-- LOS_TC_CreateLoan_042 -->
  <testcase classname="com.trisysLOS.tests.CreateLoanPageTest" name="LOS_TC_CreateLoan_046" time="1.054">
    <failure type="java.lang.AssertionError" message="expected [true] but found [false]">
      <![CDATA[java.lang.AssertionError: expected [true] but found [false]
at com.trisysLOS.tests.CreateLoanPageTest.LOS_TC_CreateLoan_046(CreateLoanPageTest.java:457)
at java.base/java.util.ArrayList.forEach(ArrayList.java:1511)
... Removed 29 stack frames]]>
    </failure>
  </testcase> <!-- LOS_TC_CreateLoan_046 -->
  <testcase classname="com.trisysLOS.tests.CreateLoanPageTest" name="LOS_TC_CreateLoan_29" time="1.502"/>
  <testcase classname="com.trisysLOS.tests.CreateLoanPageTest" name="LOS_TC_CreateLoan_003" time="0.021">
    <failure type="java.lang.IllegalArgumentException" message="Keys to send should be a not null CharSequence">
      <![CDATA[java.lang.IllegalArgumentException: Keys to send should be a not null CharSequence
at org.openqa.selenium.remote.RemoteWebElement.sendKeys(RemoteWebElement.java:98)
at org.openqa.selenium.support.pagefactory.internal.LocatingElementHandler.invoke(LocatingElementHandler.java:52)
at jdk.proxy2/jdk.proxy2.$Proxy20.sendKeys(Unknown Source)
at com.trisysLOS.pageObjects.CreateLoanPage.enterName(CreateLoanPage.java:89)
at com.trisysLOS.tests.CreateLoanPageTest.LOS_TC_CreateLoan_003(CreateLoanPageTest.java:71)
at java.base/java.util.ArrayList.forEach(ArrayList.java:1511)
... Removed 27 stack frames]]>
    </failure>
  </testcase> <!-- LOS_TC_CreateLoan_003 -->
  <testcase classname="com.trisysLOS.tests.CreateLoanPageTest" name="LOS_TC_CreateLoan_016" time="1.287">
    <failure type="java.lang.AssertionError" message="expected [true] but found [false]">
      <![CDATA[java.lang.AssertionError: expected [true] but found [false]
at com.trisysLOS.tests.CreateLoanPageTest.LOS_TC_CreateLoan_016(CreateLoanPageTest.java:185)
at java.base/java.util.ArrayList.forEach(ArrayList.java:1511)
... Removed 29 stack frames]]>
    </failure>
  </testcase> <!-- LOS_TC_CreateLoan_016 -->
  <testcase classname="com.trisysLOS.tests.CreateLoanPageTest" name="LOS_TC_CreateLoan_017" time="0.229"/>
  <testcase classname="com.trisysLOS.tests.CreateLoanPageTest" name="LOS_TC_CreateLoan_018" time="0.226"/>
  <testcase classname="com.trisysLOS.tests.CreateLoanPageTest" name="LOS_TC_CreateLoan_019" time="0.249"/>
  <testcase classname="com.trisysLOS.tests.CreateLoanPageTest" name="LOS_TC_CreateLoan_020" time="0.243"/>
  <testcase classname="com.trisysLOS.tests.CreateLoanPageTest" name="LOS_TC_CreateLoan_022" time="0.22"/>
  <testcase classname="com.trisysLOS.tests.CreateLoanPageTest" name="LOS_TC_CreateLoan_023" time="1.319">
    <failure type="java.lang.AssertionError" message="expected [true] but found [false]">
      <![CDATA[java.lang.AssertionError: expected [true] but found [false]
at com.trisysLOS.tests.CreateLoanPageTest.LOS_TC_CreateLoan_023(CreateLoanPageTest.java:254)
at java.base/java.util.ArrayList.forEach(ArrayList.java:1511)
... Removed 29 stack frames]]>
    </failure>
  </testcase> <!-- LOS_TC_CreateLoan_023 -->
  <testcase classname="com.trisysLOS.tests.CreateLoanPageTest" name="LOS_TC_CreateLoan_026" time="0.306"/>
  <testcase classname="com.trisysLOS.tests.CreateLoanPageTest" name="LOS_TC_CreateLoan_027" time="0.385"/>
  <testcase classname="com.trisysLOS.tests.CreateLoanPageTest" name="LOS_TC_CreateLoan_028" time="0.0">
    <skipped/>
  </testcase> <!-- LOS_TC_CreateLoan_028 -->
  <testcase classname="com.trisysLOS.tests.CreateLoanPageTest" name="LOS_TC_CreateLoan_030" time="0.0">
    <skipped/>
  </testcase> <!-- LOS_TC_CreateLoan_030 -->
  <testcase classname="com.trisysLOS.tests.CreateLoanPageTest" name="LOS_TC_CreateLoan_031" time="0.001">
    <skipped/>
  </testcase> <!-- LOS_TC_CreateLoan_031 -->
  <testcase classname="com.trisysLOS.tests.CreateLoanPageTest" name="LOS_TC_CreateLoan_037" time="0.0">
    <skipped/>
  </testcase> <!-- LOS_TC_CreateLoan_037 -->
  <testcase classname="com.trisysLOS.tests.CreateLoanPageTest" name="LOS_TC_CreateLoan_038" time="0.0">
    <skipped/>
  </testcase> <!-- LOS_TC_CreateLoan_038 -->
  <testcase classname="com.trisysLOS.tests.CreateLoanPageTest" name="LOS_TC_CreateLoan_039" time="0.0">
    <skipped/>
  </testcase> <!-- LOS_TC_CreateLoan_039 -->
  <testcase classname="com.trisysLOS.tests.CreateLoanPageTest" name="LOS_TC_CreateLoan_002" time="0.0">
    <ignored/>
  </testcase> <!-- LOS_TC_CreateLoan_002 -->
  <testcase classname="com.trisysLOS.tests.CreateLoanPageTest" name="LOS_TC_CreateLoan_008" time="0.0">
    <ignored/>
  </testcase> <!-- LOS_TC_CreateLoan_008 -->
  <testcase classname="com.trisysLOS.tests.CreateLoanPageTest" name="LOS_TC_CreateLoan_007" time="0.0">
    <ignored/>
  </testcase> <!-- LOS_TC_CreateLoan_007 -->
  <testcase classname="com.trisysLOS.tests.CreateLoanPageTest" name="LOS_Tc_CreateLoan_006" time="0.0">
    <ignored/>
  </testcase> <!-- LOS_Tc_CreateLoan_006 -->
  <testcase classname="com.trisysLOS.tests.CreateLoanPageTest" name="LOS_TC_CreateLoan_009" time="0.0">
    <ignored/>
  </testcase> <!-- LOS_TC_CreateLoan_009 -->
  <testcase classname="com.trisysLOS.tests.CreateLoanPageTest" name="LOS_TC_CreateLoan_47" time="0.0">
    <ignored/>
  </testcase> <!-- LOS_TC_CreateLoan_47 -->
  <testcase classname="com.trisysLOS.tests.CreateLoanPageTest" name="LOS_TC_CreateLoan_015" time="0.0">
    <ignored/>
  </testcase> <!-- LOS_TC_CreateLoan_015 -->
  <testcase classname="com.trisysLOS.tests.CreateLoanPageTest" name="LOS_TC_CreateLoan_004" time="0.0">
    <ignored/>
  </testcase> <!-- LOS_TC_CreateLoan_004 -->
  <testcase classname="com.trisysLOS.tests.CreateLoanPageTest" name="LOS_TC_CreateLoan_036" time="0.0">
    <ignored/>
  </testcase> <!-- LOS_TC_CreateLoan_036 -->
  <testcase classname="com.trisysLOS.tests.CreateLoanPageTest" name="LOS_TC_CreateLoan_025" time="0.0">
    <ignored/>
  </testcase> <!-- LOS_TC_CreateLoan_025 -->
  <testcase classname="com.trisysLOS.tests.CreateLoanPageTest" name="LOS_TC_CreationLoan_48" time="0.0">
    <ignored/>
  </testcase> <!-- LOS_TC_CreationLoan_48 -->
  <testcase classname="com.trisysLOS.tests.CreateLoanPageTest" name="LOS_TC_CreateLoan_021" time="0.0">
    <ignored/>
  </testcase> <!-- LOS_TC_CreateLoan_021 -->
  <testcase classname="com.trisysLOS.tests.CreateLoanPageTest" name="LOS_TC_CreateLoan_010" time="0.0">
    <ignored/>
  </testcase> <!-- LOS_TC_CreateLoan_010 -->
  <testcase classname="com.trisysLOS.tests.CreateLoanPageTest" name="LOS_TC_CreateLoan_012" time="0.0">
    <ignored/>
  </testcase> <!-- LOS_TC_CreateLoan_012 -->
  <testcase classname="com.trisysLOS.tests.AdminLoginPageTest" name="LOS_TC_Login_001" time="0.0">
    <ignored/>
  </testcase> <!-- LOS_TC_Login_001 -->
  <testcase classname="com.trisysLOS.tests.AdminLoginPageTest" name="LOS_TC_Login_002" time="0.0">
    <ignored/>
  </testcase> <!-- LOS_TC_Login_002 -->
</testsuite> <!-- Negative Testing -->
