<!DOCTYPE html>

<html>
  <head>
  <meta charset='utf-8'>
  <title>TestNG reports</title>

    <link type="text/css" href="testng-reports1.css" rel="stylesheet" id="ultra" />
    <link type="text/css" href="testng-reports.css" rel="stylesheet" id="retro" disabled="false"/>
    <script type="text/javascript" src="jquery-3.6.0.min.js"></script>
    <script type="text/javascript" src="testng-reports.js"></script>
    <script type="text/javascript" src="https://www.google.com/jsapi"></script>
    <script type='text/javascript'>
      google.load('visualization', '1', {packages:['table']});
      google.setOnLoadCallback(drawTable);
      var suiteTableInitFunctions = new Array();
      var suiteTableData = new Array();
    </script>
    <!--
      <script type="text/javascript" src="jquery-ui/js/jquery-ui-1.8.16.custom.min.js"></script>
     -->
  </head>

  <body>    <div class="top-banner-root">
      <span class="top-banner-title-font">Test results</span>
      <button id="button" class="button">Switch Retro Theme</button> <!-- button -->
      <br/>
      <span class="top-banner-font-1">1 suite, 1 failed test</span>
    </div> <!-- top-banner-root -->
    <div class="navigator-root">
      <div class="navigator-suite-header">
        <span>All suites</span>
        <a href="#" title="Collapse/expand all the suites" class="collapse-all-link">
          <img src="collapseall.gif" class="collapse-all-icon">
          </img> <!-- collapse-all-icon -->
        </a> <!-- collapse-all-link -->
      </div> <!-- navigator-suite-header -->
      <div class="suite">
        <div class="rounded-window">
          <div class="suite-header light-rounded-window-top">
            <a href="#" panel-name="suite-Sanity_Testing_Suite" class="navigator-link">
              <span class="suite-name border-failed">Sanity Testing Suite</span>
            </a> <!-- navigator-link -->
          </div> <!-- suite-header light-rounded-window-top -->
          <div class="navigator-suite-content">
            <div class="suite-section-title">
              <span>Info</span>
            </div> <!-- suite-section-title -->
            <div class="suite-section-content">
              <ul>
                <li>
                  <a href="#" panel-name="test-xml-Sanity_Testing_Suite" class="navigator-link ">
                    <span>C:\Users\Venu\Downloads\Projects - Eclipse\Trisys-LOS\Sanity_Testing.xml</span>
                  </a> <!-- navigator-link  -->
                </li>
                <li>
                  <a href="#" panel-name="testlist-Sanity_Testing_Suite" class="navigator-link ">
                    <span class="test-stats">1 test</span>
                  </a> <!-- navigator-link  -->
                </li>
                <li>
                  <a href="#" panel-name="group-Sanity_Testing_Suite" class="navigator-link ">
                    <span>4 groups</span>
                  </a> <!-- navigator-link  -->
                </li>
                <li>
                  <a href="#" panel-name="times-Sanity_Testing_Suite" class="navigator-link ">
                    <span>Times</span>
                  </a> <!-- navigator-link  -->
                </li>
                <li>
                  <a href="#" panel-name="reporter-Sanity_Testing_Suite" class="navigator-link ">
                    <span>Reporter output</span>
                  </a> <!-- navigator-link  -->
                </li>
                <li>
                  <a href="#" panel-name="ignored-methods-Sanity_Testing_Suite" class="navigator-link ">
                    <span>Ignored methods</span>
                  </a> <!-- navigator-link  -->
                </li>
                <li>
                  <a href="#" panel-name="chronological-Sanity_Testing_Suite" class="navigator-link ">
                    <span>Chronological view</span>
                  </a> <!-- navigator-link  -->
                </li>
              </ul>
            </div> <!-- suite-section-content -->
            <div class="result-section">
              <div class="suite-section-title">
                <span>Results</span>
              </div> <!-- suite-section-title -->
              <div class="suite-section-content">
                <ul>
                  <li>
                    <span class="method-stats">5 methods, 1 failed,  3 skipped,  1 passed</span>
                  </li>
                  <li>
                    <span class="method-list-title failed">Failed methods</span>
                    <span class="show-or-hide-methods failed">
                      <a href="#" panel-name="suite-Sanity_Testing_Suite" class="hide-methods failed suite-Sanity_Testing_Suite"> (hide)</a> <!-- hide-methods failed suite-Sanity_Testing_Suite -->
                      <a href="#" panel-name="suite-Sanity_Testing_Suite" class="show-methods failed suite-Sanity_Testing_Suite"> (show)</a> <!-- show-methods failed suite-Sanity_Testing_Suite -->
                    </span>
                    <div class="method-list-content failed suite-Sanity_Testing_Suite">
                      <span>
                        <img src="failed.png" width="3%"/>
                        <a href="#" panel-name="suite-Sanity_Testing_Suite" title="com.trisysLOS.tests.AdminLoginPageTest" class="method navigator-link" hash-for-method="LOS_TC_Login_001">LOS_TC_Login_001</a> <!-- method navigator-link -->
                      </span>
                      <br/>
                    </div> <!-- method-list-content failed suite-Sanity_Testing_Suite -->
                  </li>
                  <li>
                    <span class="method-list-title skipped">Skipped methods</span>
                    <span class="show-or-hide-methods skipped">
                      <a href="#" panel-name="suite-Sanity_Testing_Suite" class="hide-methods skipped suite-Sanity_Testing_Suite"> (hide)</a> <!-- hide-methods skipped suite-Sanity_Testing_Suite -->
                      <a href="#" panel-name="suite-Sanity_Testing_Suite" class="show-methods skipped suite-Sanity_Testing_Suite"> (show)</a> <!-- show-methods skipped suite-Sanity_Testing_Suite -->
                    </span>
                    <div class="method-list-content skipped suite-Sanity_Testing_Suite">
                      <span>
                        <img src="skipped.png" width="3%"/>
                        <a href="#" panel-name="suite-Sanity_Testing_Suite" title="com.trisysLOS.tests.CreateLoanPageTest" class="method navigator-link" hash-for-method="LOS_TC_CreateLoan_002">LOS_TC_CreateLoan_002</a> <!-- method navigator-link -->
                      </span>
                      <br/>
                      <span>
                        <img src="skipped.png" width="3%"/>
                        <a href="#" panel-name="suite-Sanity_Testing_Suite" title="com.trisysLOS.tests.CreateLoanPageTest" class="method navigator-link" hash-for-method="LOS_TC_CreateLoan_004">LOS_TC_CreateLoan_004</a> <!-- method navigator-link -->
                      </span>
                      <br/>
                      <span>
                        <img src="skipped.png" width="3%"/>
                        <a href="#" panel-name="suite-Sanity_Testing_Suite" title="com.trisysLOS.tests.CreateLoanPageTest" class="method navigator-link" hash-for-method="LOS_TC_CreateLoan_005">LOS_TC_CreateLoan_005</a> <!-- method navigator-link -->
                      </span>
                      <br/>
                    </div> <!-- method-list-content skipped suite-Sanity_Testing_Suite -->
                  </li>
                  <li>
                    <span class="method-list-title passed">Passed methods</span>
                    <span class="show-or-hide-methods passed">
                      <a href="#" panel-name="suite-Sanity_Testing_Suite" class="hide-methods passed suite-Sanity_Testing_Suite"> (hide)</a> <!-- hide-methods passed suite-Sanity_Testing_Suite -->
                      <a href="#" panel-name="suite-Sanity_Testing_Suite" class="show-methods passed suite-Sanity_Testing_Suite"> (show)</a> <!-- show-methods passed suite-Sanity_Testing_Suite -->
                    </span>
                    <div class="method-list-content passed suite-Sanity_Testing_Suite">
                      <span>
                        <img src="passed.png" width="3%"/>
                        <a href="#" panel-name="suite-Sanity_Testing_Suite" title="com.trisysLOS.tests.AdminLoginPageTest" class="method navigator-link" hash-for-method="LOS_TC_Login_002">LOS_TC_Login_002</a> <!-- method navigator-link -->
                      </span>
                      <br/>
                    </div> <!-- method-list-content passed suite-Sanity_Testing_Suite -->
                  </li>
                </ul>
              </div> <!-- suite-section-content -->
            </div> <!-- result-section -->
          </div> <!-- navigator-suite-content -->
        </div> <!-- rounded-window -->
      </div> <!-- suite -->
    </div> <!-- navigator-root -->
    <div class="wrapper">
      <div class="main-panel-root">
        <div panel-name="suite-Sanity_Testing_Suite" class="panel Sanity_Testing_Suite">
          <div class="suite-Sanity_Testing_Suite-class-failed">
            <div class="main-panel-header rounded-window-top">
              <img src="failed.png"/>
              <span class="class-name">com.trisysLOS.tests.AdminLoginPageTest</span>
            </div> <!-- main-panel-header rounded-window-top -->
            <div class="main-panel-content rounded-window-bottom">
              <div class="method">
                <div class="method-content">
                  <a name="LOS_TC_Login_001">
                  </a> <!-- LOS_TC_Login_001 -->
                  <span class="method-name">LOS_TC_Login_001</span>
                  <div class="stack-trace">java.lang.AssertionError: expected [false] but found [true]
	at com.trisysLOS.tests.AdminLoginPageTest.LOS_TC_Login_001(AdminLoginPageTest.java:40)
	at java.base/java.util.ArrayList.forEach(ArrayList.java:1511)
... Removed 29 stack frames
</div> <!-- stack-trace -->
                </div> <!-- method-content -->
              </div> <!-- method -->
            </div> <!-- main-panel-content rounded-window-bottom -->
          </div> <!-- suite-Sanity_Testing_Suite-class-failed -->
          <div class="suite-Sanity_Testing_Suite-class-skipped">
            <div class="main-panel-header rounded-window-top">
              <img src="skipped.png"/>
              <span class="class-name">com.trisysLOS.tests.CreateLoanPageTest</span>
            </div> <!-- main-panel-header rounded-window-top -->
            <div class="main-panel-content rounded-window-bottom">
              <div class="method">
                <div class="method-content">
                  <a name="LOS_TC_CreateLoan_002">
                  </a> <!-- LOS_TC_CreateLoan_002 -->
                  <span class="method-name">LOS_TC_CreateLoan_002</span>
                  <div class="stack-trace">org.openqa.selenium.TimeoutException: timeout: Timed out receiving message from renderer: 20.000
  (Session info: chrome=112.0.5615.139)
Build info: version: &apos;4.9.1&apos;, revision: &apos;eb2032df7f&apos;
System info: os.name: &apos;Windows 11&apos;, os.arch: &apos;amd64&apos;, os.version: &apos;10.0&apos;, java.version: &apos;20.0.1&apos;
Driver info: org.openqa.selenium.chrome.ChromeDriver
Command: [ea27d00d56f5445dc42a6cbf5f0d3982, clickElement {id=c1108118-df44-4541-9b9f-f7bf7896ec6b}]
Capabilities {acceptInsecureCerts: false, browserName: chrome, browserVersion: 112.0.5615.139, chrome: {chromedriverVersion: 112.0.5615.49 (bd2a7bcb881c..., userDataDir: C:\Users\Venu\AppData\Local...}, goog:chromeOptions: {debuggerAddress: localhost:51763}, networkConnectionEnabled: false, pageLoadStrategy: normal, platformName: windows, proxy: Proxy(), se:cdp: ws://localhost:51763/devtoo..., se:cdpVersion: 112.0.5615.139, setWindowRect: true, strictFileInteractability: false, timeouts: {implicit: 0, pageLoad: 300000, script: 30000}, unhandledPromptBehavior: dismiss and notify, webauthn:extension:credBlob: true, webauthn:extension:largeBlob: true, webauthn:extension:minPinLength: true, webauthn:extension:prf: true, webauthn:virtualAuthenticators: true}
Element: [[ChromeDriver: chrome on windows (ea27d00d56f5445dc42a6cbf5f0d3982)] -&gt; xpath: //*[text()=&apos;Sign In&apos;]]
Session ID: ea27d00d56f5445dc42a6cbf5f0d3982
	at org.openqa.selenium.remote.codec.w3c.W3CHttpResponseCodec.createException(W3CHttpResponseCodec.java:200)
	at org.openqa.selenium.remote.codec.w3c.W3CHttpResponseCodec.decode(W3CHttpResponseCodec.java:133)
	at org.openqa.selenium.remote.codec.w3c.W3CHttpResponseCodec.decode(W3CHttpResponseCodec.java:53)
	at org.openqa.selenium.remote.HttpCommandExecutor.execute(HttpCommandExecutor.java:193)
	at org.openqa.selenium.remote.service.DriverCommandExecutor.invokeExecute(DriverCommandExecutor.java:183)
	at org.openqa.selenium.remote.service.DriverCommandExecutor.execute(DriverCommandExecutor.java:158)
	at org.openqa.selenium.remote.RemoteWebDriver.execute(RemoteWebDriver.java:543)
	at org.openqa.selenium.remote.RemoteWebElement.execute(RemoteWebElement.java:257)
	at org.openqa.selenium.remote.RemoteWebElement.click(RemoteWebElement.java:78)
	at org.openqa.selenium.support.pagefactory.internal.LocatingElementHandler.invoke(LocatingElementHandler.java:52)
	at jdk.proxy2/jdk.proxy2.$Proxy20.click(Unknown Source)
	at com.trisysLOS.pageObjects.AdminLoginPage.EnterValidLoginCredentials(AdminLoginPage.java:55)
	at com.trisysLOS.tests.CreateLoanPageTest.setUp(CreateLoanPageTest.java:36)
	at java.base/java.util.ArrayList.forEach(ArrayList.java:1511)
... Removed 34 stack frames
</div> <!-- stack-trace -->
                </div> <!-- method-content -->
              </div> <!-- method -->
              <div class="method">
                <div class="method-content">
                  <a name="LOS_TC_CreateLoan_004">
                  </a> <!-- LOS_TC_CreateLoan_004 -->
                  <span class="method-name">LOS_TC_CreateLoan_004</span>
                  <div class="stack-trace">org.openqa.selenium.TimeoutException: timeout: Timed out receiving message from renderer: 20.000
  (Session info: chrome=112.0.5615.139)
Build info: version: &apos;4.9.1&apos;, revision: &apos;eb2032df7f&apos;
System info: os.name: &apos;Windows 11&apos;, os.arch: &apos;amd64&apos;, os.version: &apos;10.0&apos;, java.version: &apos;20.0.1&apos;
Driver info: org.openqa.selenium.chrome.ChromeDriver
Command: [e86298f64efae347fd91370ea9e8493d, clickElement {id=1d1317f2-e056-4064-837c-97133d49545e}]
Capabilities {acceptInsecureCerts: false, browserName: chrome, browserVersion: 112.0.5615.139, chrome: {chromedriverVersion: 112.0.5615.49 (bd2a7bcb881c..., userDataDir: C:\Users\Venu\AppData\Local...}, goog:chromeOptions: {debuggerAddress: localhost:51788}, networkConnectionEnabled: false, pageLoadStrategy: normal, platformName: windows, proxy: Proxy(), se:cdp: ws://localhost:51788/devtoo..., se:cdpVersion: 112.0.5615.139, setWindowRect: true, strictFileInteractability: false, timeouts: {implicit: 0, pageLoad: 300000, script: 30000}, unhandledPromptBehavior: dismiss and notify, webauthn:extension:credBlob: true, webauthn:extension:largeBlob: true, webauthn:extension:minPinLength: true, webauthn:extension:prf: true, webauthn:virtualAuthenticators: true}
Element: [[ChromeDriver: chrome on windows (e86298f64efae347fd91370ea9e8493d)] -&gt; xpath: //*[text()=&apos;Sign In&apos;]]
Session ID: e86298f64efae347fd91370ea9e8493d
	at org.openqa.selenium.remote.codec.w3c.W3CHttpResponseCodec.createException(W3CHttpResponseCodec.java:200)
	at org.openqa.selenium.remote.codec.w3c.W3CHttpResponseCodec.decode(W3CHttpResponseCodec.java:133)
	at org.openqa.selenium.remote.codec.w3c.W3CHttpResponseCodec.decode(W3CHttpResponseCodec.java:53)
	at org.openqa.selenium.remote.HttpCommandExecutor.execute(HttpCommandExecutor.java:193)
	at org.openqa.selenium.remote.service.DriverCommandExecutor.invokeExecute(DriverCommandExecutor.java:183)
	at org.openqa.selenium.remote.service.DriverCommandExecutor.execute(DriverCommandExecutor.java:158)
	at org.openqa.selenium.remote.RemoteWebDriver.execute(RemoteWebDriver.java:543)
	at org.openqa.selenium.remote.RemoteWebElement.execute(RemoteWebElement.java:257)
	at org.openqa.selenium.remote.RemoteWebElement.click(RemoteWebElement.java:78)
	at org.openqa.selenium.support.pagefactory.internal.LocatingElementHandler.invoke(LocatingElementHandler.java:52)
	at jdk.proxy2/jdk.proxy2.$Proxy20.click(Unknown Source)
	at com.trisysLOS.pageObjects.AdminLoginPage.EnterValidLoginCredentials(AdminLoginPage.java:55)
	at com.trisysLOS.tests.CreateLoanPageTest.setUp(CreateLoanPageTest.java:36)
	at java.base/java.util.ArrayList.forEach(ArrayList.java:1511)
... Removed 34 stack frames
</div> <!-- stack-trace -->
                </div> <!-- method-content -->
              </div> <!-- method -->
              <div class="method">
                <div class="method-content">
                  <a name="LOS_TC_CreateLoan_005">
                  </a> <!-- LOS_TC_CreateLoan_005 -->
                  <span class="method-name">LOS_TC_CreateLoan_005</span>
                  <div class="stack-trace">org.openqa.selenium.TimeoutException: timeout: Timed out receiving message from renderer: 20.000
  (Session info: chrome=112.0.5615.139)
Build info: version: &apos;4.9.1&apos;, revision: &apos;eb2032df7f&apos;
System info: os.name: &apos;Windows 11&apos;, os.arch: &apos;amd64&apos;, os.version: &apos;10.0&apos;, java.version: &apos;20.0.1&apos;
Driver info: org.openqa.selenium.chrome.ChromeDriver
Command: [e86298f64efae347fd91370ea9e8493d, clickElement {id=1d1317f2-e056-4064-837c-97133d49545e}]
Capabilities {acceptInsecureCerts: false, browserName: chrome, browserVersion: 112.0.5615.139, chrome: {chromedriverVersion: 112.0.5615.49 (bd2a7bcb881c..., userDataDir: C:\Users\Venu\AppData\Local...}, goog:chromeOptions: {debuggerAddress: localhost:51788}, networkConnectionEnabled: false, pageLoadStrategy: normal, platformName: windows, proxy: Proxy(), se:cdp: ws://localhost:51788/devtoo..., se:cdpVersion: 112.0.5615.139, setWindowRect: true, strictFileInteractability: false, timeouts: {implicit: 0, pageLoad: 300000, script: 30000}, unhandledPromptBehavior: dismiss and notify, webauthn:extension:credBlob: true, webauthn:extension:largeBlob: true, webauthn:extension:minPinLength: true, webauthn:extension:prf: true, webauthn:virtualAuthenticators: true}
Element: [[ChromeDriver: chrome on windows (e86298f64efae347fd91370ea9e8493d)] -&gt; xpath: //*[text()=&apos;Sign In&apos;]]
Session ID: e86298f64efae347fd91370ea9e8493d
	at org.openqa.selenium.remote.codec.w3c.W3CHttpResponseCodec.createException(W3CHttpResponseCodec.java:200)
	at org.openqa.selenium.remote.codec.w3c.W3CHttpResponseCodec.decode(W3CHttpResponseCodec.java:133)
	at org.openqa.selenium.remote.codec.w3c.W3CHttpResponseCodec.decode(W3CHttpResponseCodec.java:53)
	at org.openqa.selenium.remote.HttpCommandExecutor.execute(HttpCommandExecutor.java:193)
	at org.openqa.selenium.remote.service.DriverCommandExecutor.invokeExecute(DriverCommandExecutor.java:183)
	at org.openqa.selenium.remote.service.DriverCommandExecutor.execute(DriverCommandExecutor.java:158)
	at org.openqa.selenium.remote.RemoteWebDriver.execute(RemoteWebDriver.java:543)
	at org.openqa.selenium.remote.RemoteWebElement.execute(RemoteWebElement.java:257)
	at org.openqa.selenium.remote.RemoteWebElement.click(RemoteWebElement.java:78)
	at org.openqa.selenium.support.pagefactory.internal.LocatingElementHandler.invoke(LocatingElementHandler.java:52)
	at jdk.proxy2/jdk.proxy2.$Proxy20.click(Unknown Source)
	at com.trisysLOS.pageObjects.AdminLoginPage.EnterValidLoginCredentials(AdminLoginPage.java:55)
	at com.trisysLOS.tests.CreateLoanPageTest.setUp(CreateLoanPageTest.java:36)
	at java.base/java.util.ArrayList.forEach(ArrayList.java:1511)
... Removed 34 stack frames
</div> <!-- stack-trace -->
                </div> <!-- method-content -->
              </div> <!-- method -->
            </div> <!-- main-panel-content rounded-window-bottom -->
          </div> <!-- suite-Sanity_Testing_Suite-class-skipped -->
          <div class="suite-Sanity_Testing_Suite-class-passed">
            <div class="main-panel-header rounded-window-top">
              <img src="passed.png"/>
              <span class="class-name">com.trisysLOS.tests.AdminLoginPageTest</span>
            </div> <!-- main-panel-header rounded-window-top -->
            <div class="main-panel-content rounded-window-bottom">
              <div class="method">
                <div class="method-content">
                  <a name="LOS_TC_Login_002">
                  </a> <!-- LOS_TC_Login_002 -->
                  <span class="method-name">LOS_TC_Login_002</span>
                </div> <!-- method-content -->
              </div> <!-- method -->
            </div> <!-- main-panel-content rounded-window-bottom -->
          </div> <!-- suite-Sanity_Testing_Suite-class-passed -->
        </div> <!-- panel Sanity_Testing_Suite -->
        <div panel-name="test-xml-Sanity_Testing_Suite" class="panel">
          <div class="main-panel-header rounded-window-top">
            <span class="header-content">C:\Users\Venu\Downloads\Projects - Eclipse\Trisys-LOS\Sanity_Testing.xml</span>
          </div> <!-- main-panel-header rounded-window-top -->
          <div class="main-panel-content rounded-window-bottom">
            <pre>
&lt;?xml version=&quot;1.0&quot; encoding=&quot;UTF-8&quot;?&gt;
&lt;!DOCTYPE suite SYSTEM &quot;https://testng.org/testng-1.0.dtd&quot;&gt;
&lt;suite name=&quot;Sanity Testing Suite&quot; guice-stage=&quot;DEVELOPMENT&quot;&gt;
  &lt;listeners&gt;
    &lt;listener class-name=&quot;com.trisysLOS.utilities.MyListeners&quot;/&gt;
  &lt;/listeners&gt;
  &lt;test thread-count=&quot;5&quot; name=&quot;Sanity Testing&quot;&gt;
    &lt;parameter name=&quot;browser&quot; value=&quot;chrome&quot;/&gt;
    &lt;groups&gt;
      &lt;run&gt;
        &lt;include name=&quot;Sanity&quot;/&gt;
      &lt;/run&gt;
    &lt;/groups&gt;
    &lt;classes&gt;
      &lt;class name=&quot;com.trisysLOS.tests.AdminLoginPageTest&quot;/&gt;
      &lt;class name=&quot;com.trisysLOS.tests.CreateLoanPageTest&quot;/&gt;
    &lt;/classes&gt;
  &lt;/test&gt; &lt;!-- Sanity Testing --&gt;
&lt;/suite&gt; &lt;!-- Sanity Testing Suite --&gt;
            </pre>
          </div> <!-- main-panel-content rounded-window-bottom -->
        </div> <!-- panel -->
        <div panel-name="testlist-Sanity_Testing_Suite" class="panel">
          <div class="main-panel-header rounded-window-top">
            <span class="header-content">Tests for Sanity Testing Suite</span>
          </div> <!-- main-panel-header rounded-window-top -->
          <div class="main-panel-content rounded-window-bottom">
            <ul>
              <li>
                <span class="test-name">Sanity Testing (2 classes)</span>
              </li>
            </ul>
          </div> <!-- main-panel-content rounded-window-bottom -->
        </div> <!-- panel -->
        <div panel-name="group-Sanity_Testing_Suite" class="panel">
          <div class="main-panel-header rounded-window-top">
            <span class="header-content">Groups for Sanity Testing Suite</span>
          </div> <!-- main-panel-header rounded-window-top -->
          <div class="main-panel-content rounded-window-bottom">
            <div class="test-group">
              <span class="test-group-name">Negative</span>
              <br/>
              <div class="method-in-group">
                <span class="method-in-group-name">LOS_TC_CreateLoan_005</span>
                <br/>
              </div> <!-- method-in-group -->
            </div> <!-- test-group -->
            <div class="test-group">
              <span class="test-group-name">Positive</span>
              <br/>
              <div class="method-in-group">
                <span class="method-in-group-name">LOS_TC_CreateLoan_002</span>
                <br/>
              </div> <!-- method-in-group -->
              <div class="method-in-group">
                <span class="method-in-group-name">LOS_TC_CreateLoan_004</span>
                <br/>
              </div> <!-- method-in-group -->
              <div class="method-in-group">
                <span class="method-in-group-name">LOS_TC_Login_001</span>
                <br/>
              </div> <!-- method-in-group -->
              <div class="method-in-group">
                <span class="method-in-group-name">LOS_TC_Login_002</span>
                <br/>
              </div> <!-- method-in-group -->
            </div> <!-- test-group -->
            <div class="test-group">
              <span class="test-group-name">Regression</span>
              <br/>
              <div class="method-in-group">
                <span class="method-in-group-name">LOS_TC_CreateLoan_002</span>
                <br/>
              </div> <!-- method-in-group -->
              <div class="method-in-group">
                <span class="method-in-group-name">LOS_TC_CreateLoan_004</span>
                <br/>
              </div> <!-- method-in-group -->
              <div class="method-in-group">
                <span class="method-in-group-name">LOS_TC_CreateLoan_005</span>
                <br/>
              </div> <!-- method-in-group -->
              <div class="method-in-group">
                <span class="method-in-group-name">LOS_TC_Login_001</span>
                <br/>
              </div> <!-- method-in-group -->
              <div class="method-in-group">
                <span class="method-in-group-name">LOS_TC_Login_002</span>
                <br/>
              </div> <!-- method-in-group -->
            </div> <!-- test-group -->
            <div class="test-group">
              <span class="test-group-name">Sanity</span>
              <br/>
              <div class="method-in-group">
                <span class="method-in-group-name">LOS_TC_CreateLoan_002</span>
                <br/>
              </div> <!-- method-in-group -->
              <div class="method-in-group">
                <span class="method-in-group-name">LOS_TC_CreateLoan_004</span>
                <br/>
              </div> <!-- method-in-group -->
              <div class="method-in-group">
                <span class="method-in-group-name">LOS_TC_CreateLoan_005</span>
                <br/>
              </div> <!-- method-in-group -->
              <div class="method-in-group">
                <span class="method-in-group-name">LOS_TC_Login_001</span>
                <br/>
              </div> <!-- method-in-group -->
              <div class="method-in-group">
                <span class="method-in-group-name">LOS_TC_Login_002</span>
                <br/>
              </div> <!-- method-in-group -->
            </div> <!-- test-group -->
          </div> <!-- main-panel-content rounded-window-bottom -->
        </div> <!-- panel -->
        <div panel-name="times-Sanity_Testing_Suite" class="panel">
          <div class="main-panel-header rounded-window-top">
            <span class="header-content">Times for Sanity Testing Suite</span>
          </div> <!-- main-panel-header rounded-window-top -->
          <div class="main-panel-content rounded-window-bottom">
            <div class="times-div">
              <script type="text/javascript">
suiteTableInitFunctions.push('tableData_Sanity_Testing_Suite');
function tableData_Sanity_Testing_Suite() {
var data = new google.visualization.DataTable();
data.addColumn('number', 'Number');
data.addColumn('string', 'Method');
data.addColumn('string', 'Class');
data.addColumn('number', 'Time (ms)');
data.addRows(5);
data.setCell(0, 0, 0)
data.setCell(0, 1, 'LOS_TC_Login_002')
data.setCell(0, 2, 'com.trisysLOS.tests.AdminLoginPageTest')
data.setCell(0, 3, 1359);
data.setCell(1, 0, 1)
data.setCell(1, 1, 'LOS_TC_Login_001')
data.setCell(1, 2, 'com.trisysLOS.tests.AdminLoginPageTest')
data.setCell(1, 3, 26);
data.setCell(2, 0, 2)
data.setCell(2, 1, 'LOS_TC_CreateLoan_002')
data.setCell(2, 2, 'com.trisysLOS.tests.CreateLoanPageTest')
data.setCell(2, 3, 0);
data.setCell(3, 0, 3)
data.setCell(3, 1, 'LOS_TC_CreateLoan_004')
data.setCell(3, 2, 'com.trisysLOS.tests.CreateLoanPageTest')
data.setCell(3, 3, 0);
data.setCell(4, 0, 4)
data.setCell(4, 1, 'LOS_TC_CreateLoan_005')
data.setCell(4, 2, 'com.trisysLOS.tests.CreateLoanPageTest')
data.setCell(4, 3, 0);
window.suiteTableData['Sanity_Testing_Suite']= { tableData: data, tableDiv: 'times-div-Sanity_Testing_Suite'}
return data;
}
              </script>
              <span class="suite-total-time">Total running time: 1 seconds</span>
              <div id="times-div-Sanity_Testing_Suite">
              </div> <!-- times-div-Sanity_Testing_Suite -->
            </div> <!-- times-div -->
          </div> <!-- main-panel-content rounded-window-bottom -->
        </div> <!-- panel -->
        <div panel-name="reporter-Sanity_Testing_Suite" class="panel">
          <div class="main-panel-header rounded-window-top">
            <span class="header-content">Reporter output for Sanity Testing Suite</span>
          </div> <!-- main-panel-header rounded-window-top -->
          <div class="main-panel-content rounded-window-bottom">
          </div> <!-- main-panel-content rounded-window-bottom -->
        </div> <!-- panel -->
        <div panel-name="ignored-methods-Sanity_Testing_Suite" class="panel">
          <div class="main-panel-header rounded-window-top">
            <span class="header-content">40 ignored methods</span>
          </div> <!-- main-panel-header rounded-window-top -->
          <div class="main-panel-content rounded-window-bottom">
            <div class="ignored-class-div">
              <span class="ignored-class-name">com.trisysLOS.tests.AdminLoginPageTest</span>
              <div class="ignored-methods-div">
                <span class="ignored-method-name">LOS_TC_Login_006</span>
                <br/>
                <span class="ignored-method-name">LOS_TC_Login_005</span>
                <br/>
                <span class="ignored-method-name">LOS_TC_Login_004</span>
                <br/>
                <span class="ignored-method-name">LOS_TC_Login_003</span>
                <br/>
                <span class="ignored-method-name">LOS_TC_Login_008</span>
                <br/>
                <span class="ignored-method-name">LOS_TC_Login_007</span>
                <br/>
              </div> <!-- ignored-methods-div -->
            </div> <!-- ignored-class-div -->
            <div class="ignored-class-div">
              <span class="ignored-class-name">com.trisysLOS.tests.CreateLoanPageTest</span>
              <div class="ignored-methods-div">
                <span class="ignored-method-name">LOS_TC_CreateLoan_012</span>
                <br/>
                <span class="ignored-method-name">LOS_TC_CreateLoan_29</span>
                <br/>
                <span class="ignored-method-name">LOS_TC_CreateLoan_036</span>
                <br/>
                <span class="ignored-method-name">LOS_TC_CreateLoan_026</span>
                <br/>
                <span class="ignored-method-name">LOS_TC_CreateLoan_47</span>
                <br/>
                <span class="ignored-method-name">LOS_TC_CreateLoan_046</span>
                <br/>
                <span class="ignored-method-name">LOS_TC_CreateLoan_024</span>
                <br/>
                <span class="ignored-method-name">LOS_TC_CreateLoan_018</span>
                <br/>
                <span class="ignored-method-name">LOS_TC_CreateLoan_008</span>
                <br/>
                <span class="ignored-method-name">LOS_TC_CreateLoan_038</span>
                <br/>
                <span class="ignored-method-name">LOS_TC_CreateLoan_016</span>
                <br/>
                <span class="ignored-method-name">LOS_TC_CreateLoan_028</span>
                <br/>
                <span class="ignored-method-name">LOS_TC_CreateLoan_040</span>
                <br/>
                <span class="ignored-method-name">LOS_TC_CreateLoan_010</span>
                <br/>
                <span class="ignored-method-name">LOS_TC_CreateLoan_022</span>
                <br/>
                <span class="ignored-method-name">LOS_TC_CreateLoan_030</span>
                <br/>
                <span class="ignored-method-name">LOS_TC_CreateLoan_020</span>
                <br/>
                <span class="ignored-method-name">LOS_TC_CreateLoan_042</span>
                <br/>
                <span class="ignored-method-name">LOS_TC_CreateLoan_023</span>
                <br/>
                <span class="ignored-method-name">LOS_Tc_CreateLoan_006</span>
                <br/>
                <span class="ignored-method-name">LOS_TC_CreateLoan_025</span>
                <br/>
                <span class="ignored-method-name">LOS_TC_CreateLoan_003</span>
                <br/>
                <span class="ignored-method-name">LOS_TC_CreateLoan_037</span>
                <br/>
                <span class="ignored-method-name">LOS_TC_CreateLoan_015</span>
                <br/>
                <span class="ignored-method-name">LOS_TC_CreateLoan_007</span>
                <br/>
                <span class="ignored-method-name">LOS_TC_CreationLoan_48</span>
                <br/>
                <span class="ignored-method-name">LOS_TC_CreateLoan_019</span>
                <br/>
                <span class="ignored-method-name">LOS_TC_CreateLoan_027</span>
                <br/>
                <span class="ignored-method-name">LOS_TC_CreateLoan_017</span>
                <br/>
                <span class="ignored-method-name">LOS_TC_CreateLoan_039</span>
                <br/>
                <span class="ignored-method-name">LOS_TC_CreateLoan_009</span>
                <br/>
                <span class="ignored-method-name">LOS_TC_CreateLoan_021</span>
                <br/>
                <span class="ignored-method-name">LOS_TC_CreateLoan_041</span>
                <br/>
                <span class="ignored-method-name">LOS_TC_CreateLoan_031</span>
                <br/>
              </div> <!-- ignored-methods-div -->
            </div> <!-- ignored-class-div -->
          </div> <!-- main-panel-content rounded-window-bottom -->
        </div> <!-- panel -->
        <div panel-name="chronological-Sanity_Testing_Suite" class="panel">
          <div class="main-panel-header rounded-window-top">
            <span class="header-content">Methods in chronological order</span>
          </div> <!-- main-panel-header rounded-window-top -->
          <div class="main-panel-content rounded-window-bottom">
            <div class="chronological-class">
              <div class="chronological-class-name">com.trisysLOS.tests.AdminLoginPageTest</div> <!-- chronological-class-name -->
              <div class="configuration-method before">
                <span class="method-name">setUp(chrome)</span>
                <span class="method-start">0 ms</span>
              </div> <!-- configuration-method before -->
              <div class="test-method">
                <img src="failed.png">
                </img>
                <span class="method-name">LOS_TC_Login_001</span>
                <span class="method-start">3317 ms</span>
              </div> <!-- test-method -->
              <div class="configuration-method after">
                <span class="method-name">tearDown</span>
                <span class="method-start">6985 ms</span>
              </div> <!-- configuration-method after -->
              <div class="configuration-method before">
                <span class="method-name">setUp(chrome)</span>
                <span class="method-start">7239 ms</span>
              </div> <!-- configuration-method before -->
              <div class="test-method">
                <span class="method-name">LOS_TC_Login_002</span>
                <span class="method-start">9439 ms</span>
              </div> <!-- test-method -->
              <div class="configuration-method after">
                <span class="method-name">tearDown</span>
                <span class="method-start">10801 ms</span>
              </div> <!-- configuration-method after -->
            </div> <!-- chronological-class -->
            <div class="chronological-class">
              <div class="chronological-class-name">com.trisysLOS.tests.CreateLoanPageTest</div> <!-- chronological-class-name -->
              <div class="configuration-method before">
                <img src="failed.png">
                </img>
                <span class="method-name">setUp(chrome)</span>
                <span class="method-start">10984 ms</span>
              </div> <!-- configuration-method before -->
              <div class="configuration-method after">
                <span class="method-name">tearDown</span>
                <span class="method-start">33242 ms</span>
              </div> <!-- configuration-method after -->
              <div class="test-method">
                <span class="method-name">LOS_TC_CreateLoan_002</span>
                <span class="method-start">33242 ms</span>
              </div> <!-- test-method -->
              <div class="configuration-method before">
                <img src="failed.png">
                </img>
                <span class="method-name">setUp(chrome)</span>
                <span class="method-start">33429 ms</span>
              </div> <!-- configuration-method before -->
              <div class="test-method">
                <span class="method-name">LOS_TC_CreateLoan_004</span>
                <span class="method-start">55644 ms</span>
              </div> <!-- test-method -->
              <div class="configuration-method after">
                <span class="method-name">tearDown</span>
                <span class="method-start">55658 ms</span>
              </div> <!-- configuration-method after -->
              <div class="configuration-method before">
                <img src="failed.png">
                </img>
                <span class="method-name">setUp(chrome)</span>
                <span class="method-start">55896 ms</span>
              </div> <!-- configuration-method before -->
              <div class="test-method">
                <span class="method-name">LOS_TC_CreateLoan_005</span>
                <span class="method-start">72018 ms</span>
              </div> <!-- test-method -->
              <div class="configuration-method after">
                <span class="method-name">tearDown</span>
                <span class="method-start">72021 ms</span>
              </div> <!-- configuration-method after -->
          </div> <!-- main-panel-content rounded-window-bottom -->
        </div> <!-- panel -->
      </div> <!-- main-panel-root -->
    </div> <!-- wrapper -->
  </body>
<script type="text/javascript" src="testng-reports2.js"></script>
</html>
