<?xml version="1.0" encoding="UTF-8"?>
<!-- Generated by org.testng.reporters.JUnitXMLReporter -->
<testsuite ignored="40" hostname="DESKTOP-GQ5FLP2" failures="1" tests="5" name="Sanity Testing" time="72.586" errors="0" timestamp="2023-06-05T18:32:50 IST">
  <testcase classname="com.trisysLOS.tests.CreateLoanPageTest" name="@BeforeMethod setUp" time="22.247">
    <failure type="org.openqa.selenium.TimeoutException" message="timeout: Timed out receiving message from renderer: 20.000
  (Session info: chrome=112.0.5615.139)
Build info: version: &amp;apos;4.9.1&amp;apos;, revision: &amp;apos;eb2032df7f&amp;apos;
System info: os.name: &amp;apos;Windows 11&amp;apos;, os.arch: &amp;apos;amd64&amp;apos;, os.version: &amp;apos;10.0&amp;apos;, java.version: &amp;apos;20.0.1&amp;apos;
Driver info: org.openqa.selenium.chrome.ChromeDriver
Command: [ea27d00d56f5445dc42a6cbf5f0d3982, clickElement {id=c1108118-df44-4541-9b9f-f7bf7896ec6b}]
Capabilities {acceptInsecureCerts: false, browserName: chrome, browserVersion: 112.0.5615.139, chrome: {chromedriverVersion: 112.0.5615.49 (bd2a7bcb881c..., userDataDir: C:\Users\Venu\AppData\Local...}, goog:chromeOptions: {debuggerAddress: localhost:51763}, networkConnectionEnabled: false, pageLoadStrategy: normal, platformName: windows, proxy: Proxy(), se:cdp: ws://localhost:51763/devtoo..., se:cdpVersion: 112.0.5615.139, setWindowRect: true, strictFileInteractability: false, timeouts: {implicit: 0, pageLoad: 300000, script: 30000}, unhandledPromptBehavior: dismiss and notify, webauthn:extension:credBlob: true, webauthn:extension:largeBlob: true, webauthn:extension:minPinLength: true, webauthn:extension:prf: true, webauthn:virtualAuthenticators: true}
Element: [[ChromeDriver: chrome on windows (ea27d00d56f5445dc42a6cbf5f0d3982)] -&amp;gt; xpath: //*[text()=&amp;apos;Sign In&amp;apos;]]
Session ID: ea27d00d56f5445dc42a6cbf5f0d3982">
      <![CDATA[org.openqa.selenium.TimeoutException: timeout: Timed out receiving message from renderer: 20.000
  (Session info: chrome=112.0.5615.139)
Build info: version: '4.9.1', revision: 'eb2032df7f'
System info: os.name: 'Windows 11', os.arch: 'amd64', os.version: '10.0', java.version: '20.0.1'
Driver info: org.openqa.selenium.chrome.ChromeDriver
Command: [ea27d00d56f5445dc42a6cbf5f0d3982, clickElement {id=c1108118-df44-4541-9b9f-f7bf7896ec6b}]
Capabilities {acceptInsecureCerts: false, browserName: chrome, browserVersion: 112.0.5615.139, chrome: {chromedriverVersion: 112.0.5615.49 (bd2a7bcb881c..., userDataDir: C:\Users\Venu\AppData\Local...}, goog:chromeOptions: {debuggerAddress: localhost:51763}, networkConnectionEnabled: false, pageLoadStrategy: normal, platformName: windows, proxy: Proxy(), se:cdp: ws://localhost:51763/devtoo..., se:cdpVersion: 112.0.5615.139, setWindowRect: true, strictFileInteractability: false, timeouts: {implicit: 0, pageLoad: 300000, script: 30000}, unhandledPromptBehavior: dismiss and notify, webauthn:extension:credBlob: true, webauthn:extension:largeBlob: true, webauthn:extension:minPinLength: true, webauthn:extension:prf: true, webauthn:virtualAuthenticators: true}
Element: [[ChromeDriver: chrome on windows (ea27d00d56f5445dc42a6cbf5f0d3982)] -> xpath: //*[text()='Sign In']]
Session ID: ea27d00d56f5445dc42a6cbf5f0d3982
at org.openqa.selenium.remote.codec.w3c.W3CHttpResponseCodec.createException(W3CHttpResponseCodec.java:200)
at org.openqa.selenium.remote.codec.w3c.W3CHttpResponseCodec.decode(W3CHttpResponseCodec.java:133)
at org.openqa.selenium.remote.codec.w3c.W3CHttpResponseCodec.decode(W3CHttpResponseCodec.java:53)
at org.openqa.selenium.remote.HttpCommandExecutor.execute(HttpCommandExecutor.java:193)
at org.openqa.selenium.remote.service.DriverCommandExecutor.invokeExecute(DriverCommandExecutor.java:183)
at org.openqa.selenium.remote.service.DriverCommandExecutor.execute(DriverCommandExecutor.java:158)
at org.openqa.selenium.remote.RemoteWebDriver.execute(RemoteWebDriver.java:543)
at org.openqa.selenium.remote.RemoteWebElement.execute(RemoteWebElement.java:257)
at org.openqa.selenium.remote.RemoteWebElement.click(RemoteWebElement.java:78)
at org.openqa.selenium.support.pagefactory.internal.LocatingElementHandler.invoke(LocatingElementHandler.java:52)
at jdk.proxy2/jdk.proxy2.$Proxy20.click(Unknown Source)
at com.trisysLOS.pageObjects.AdminLoginPage.EnterValidLoginCredentials(AdminLoginPage.java:55)
at com.trisysLOS.tests.CreateLoanPageTest.setUp(CreateLoanPageTest.java:36)
at java.base/java.util.ArrayList.forEach(ArrayList.java:1511)
... Removed 34 stack frames]]>
    </failure>
  </testcase> <!-- @BeforeMethod setUp -->
  <testcase classname="com.trisysLOS.tests.CreateLoanPageTest" name="@BeforeMethod setUp" time="22.21">
    <failure type="org.openqa.selenium.TimeoutException" message="timeout: Timed out receiving message from renderer: 20.000
  (Session info: chrome=112.0.5615.139)
Build info: version: &amp;apos;4.9.1&amp;apos;, revision: &amp;apos;eb2032df7f&amp;apos;
System info: os.name: &amp;apos;Windows 11&amp;apos;, os.arch: &amp;apos;amd64&amp;apos;, os.version: &amp;apos;10.0&amp;apos;, java.version: &amp;apos;20.0.1&amp;apos;
Driver info: org.openqa.selenium.chrome.ChromeDriver
Command: [e86298f64efae347fd91370ea9e8493d, clickElement {id=1d1317f2-e056-4064-837c-97133d49545e}]
Capabilities {acceptInsecureCerts: false, browserName: chrome, browserVersion: 112.0.5615.139, chrome: {chromedriverVersion: 112.0.5615.49 (bd2a7bcb881c..., userDataDir: C:\Users\Venu\AppData\Local...}, goog:chromeOptions: {debuggerAddress: localhost:51788}, networkConnectionEnabled: false, pageLoadStrategy: normal, platformName: windows, proxy: Proxy(), se:cdp: ws://localhost:51788/devtoo..., se:cdpVersion: 112.0.5615.139, setWindowRect: true, strictFileInteractability: false, timeouts: {implicit: 0, pageLoad: 300000, script: 30000}, unhandledPromptBehavior: dismiss and notify, webauthn:extension:credBlob: true, webauthn:extension:largeBlob: true, webauthn:extension:minPinLength: true, webauthn:extension:prf: true, webauthn:virtualAuthenticators: true}
Element: [[ChromeDriver: chrome on windows (e86298f64efae347fd91370ea9e8493d)] -&amp;gt; xpath: //*[text()=&amp;apos;Sign In&amp;apos;]]
Session ID: e86298f64efae347fd91370ea9e8493d">
      <![CDATA[org.openqa.selenium.TimeoutException: timeout: Timed out receiving message from renderer: 20.000
  (Session info: chrome=112.0.5615.139)
Build info: version: '4.9.1', revision: 'eb2032df7f'
System info: os.name: 'Windows 11', os.arch: 'amd64', os.version: '10.0', java.version: '20.0.1'
Driver info: org.openqa.selenium.chrome.ChromeDriver
Command: [e86298f64efae347fd91370ea9e8493d, clickElement {id=1d1317f2-e056-4064-837c-97133d49545e}]
Capabilities {acceptInsecureCerts: false, browserName: chrome, browserVersion: 112.0.5615.139, chrome: {chromedriverVersion: 112.0.5615.49 (bd2a7bcb881c..., userDataDir: C:\Users\Venu\AppData\Local...}, goog:chromeOptions: {debuggerAddress: localhost:51788}, networkConnectionEnabled: false, pageLoadStrategy: normal, platformName: windows, proxy: Proxy(), se:cdp: ws://localhost:51788/devtoo..., se:cdpVersion: 112.0.5615.139, setWindowRect: true, strictFileInteractability: false, timeouts: {implicit: 0, pageLoad: 300000, script: 30000}, unhandledPromptBehavior: dismiss and notify, webauthn:extension:credBlob: true, webauthn:extension:largeBlob: true, webauthn:extension:minPinLength: true, webauthn:extension:prf: true, webauthn:virtualAuthenticators: true}
Element: [[ChromeDriver: chrome on windows (e86298f64efae347fd91370ea9e8493d)] -> xpath: //*[text()='Sign In']]
Session ID: e86298f64efae347fd91370ea9e8493d
at org.openqa.selenium.remote.codec.w3c.W3CHttpResponseCodec.createException(W3CHttpResponseCodec.java:200)
at org.openqa.selenium.remote.codec.w3c.W3CHttpResponseCodec.decode(W3CHttpResponseCodec.java:133)
at org.openqa.selenium.remote.codec.w3c.W3CHttpResponseCodec.decode(W3CHttpResponseCodec.java:53)
at org.openqa.selenium.remote.HttpCommandExecutor.execute(HttpCommandExecutor.java:193)
at org.openqa.selenium.remote.service.DriverCommandExecutor.invokeExecute(DriverCommandExecutor.java:183)
at org.openqa.selenium.remote.service.DriverCommandExecutor.execute(DriverCommandExecutor.java:158)
at org.openqa.selenium.remote.RemoteWebDriver.execute(RemoteWebDriver.java:543)
at org.openqa.selenium.remote.RemoteWebElement.execute(RemoteWebElement.java:257)
at org.openqa.selenium.remote.RemoteWebElement.click(RemoteWebElement.java:78)
at org.openqa.selenium.support.pagefactory.internal.LocatingElementHandler.invoke(LocatingElementHandler.java:52)
at jdk.proxy2/jdk.proxy2.$Proxy20.click(Unknown Source)
at com.trisysLOS.pageObjects.AdminLoginPage.EnterValidLoginCredentials(AdminLoginPage.java:55)
at com.trisysLOS.tests.CreateLoanPageTest.setUp(CreateLoanPageTest.java:36)
at java.base/java.util.ArrayList.forEach(ArrayList.java:1511)
... Removed 34 stack frames]]>
    </failure>
  </testcase> <!-- @BeforeMethod setUp -->
  <testcase classname="com.trisysLOS.tests.CreateLoanPageTest" name="@BeforeMethod setUp" time="16.119">
    <failure type="org.openqa.selenium.NoSuchWindowException" message="no such window: target window already closed
from unknown error: web view not found
  (Session info: chrome=112.0.5615.139)
Build info: version: &amp;apos;4.9.1&amp;apos;, revision: &amp;apos;eb2032df7f&amp;apos;
System info: os.name: &amp;apos;Windows 11&amp;apos;, os.arch: &amp;apos;amd64&amp;apos;, os.version: &amp;apos;10.0&amp;apos;, java.version: &amp;apos;20.0.1&amp;apos;
Driver info: org.openqa.selenium.chrome.ChromeDriver
Command: [c20bbc5ba027d34403b524ea2aa3bdec, findElement {using=xpath, value=//a[text()=&amp;apos;Loans&amp;apos;]}]
Capabilities {acceptInsecureCerts: false, browserName: chrome, browserVersion: 112.0.5615.139, chrome: {chromedriverVersion: 112.0.5615.49 (bd2a7bcb881c..., userDataDir: C:\Users\Venu\AppData\Local...}, goog:chromeOptions: {debuggerAddress: localhost:51815}, networkConnectionEnabled: false, pageLoadStrategy: normal, platformName: windows, proxy: Proxy(), se:cdp: ws://localhost:51815/devtoo..., se:cdpVersion: 112.0.5615.139, setWindowRect: true, strictFileInteractability: false, timeouts: {implicit: 0, pageLoad: 300000, script: 30000}, unhandledPromptBehavior: dismiss and notify, webauthn:extension:credBlob: true, webauthn:extension:largeBlob: true, webauthn:extension:minPinLength: true, webauthn:extension:prf: true, webauthn:virtualAuthenticators: true}
Session ID: c20bbc5ba027d34403b524ea2aa3bdec">
      <![CDATA[org.openqa.selenium.NoSuchWindowException: no such window: target window already closed
from unknown error: web view not found
  (Session info: chrome=112.0.5615.139)
Build info: version: '4.9.1', revision: 'eb2032df7f'
System info: os.name: 'Windows 11', os.arch: 'amd64', os.version: '10.0', java.version: '20.0.1'
Driver info: org.openqa.selenium.chrome.ChromeDriver
Command: [c20bbc5ba027d34403b524ea2aa3bdec, findElement {using=xpath, value=//a[text()='Loans']}]
Capabilities {acceptInsecureCerts: false, browserName: chrome, browserVersion: 112.0.5615.139, chrome: {chromedriverVersion: 112.0.5615.49 (bd2a7bcb881c..., userDataDir: C:\Users\Venu\AppData\Local...}, goog:chromeOptions: {debuggerAddress: localhost:51815}, networkConnectionEnabled: false, pageLoadStrategy: normal, platformName: windows, proxy: Proxy(), se:cdp: ws://localhost:51815/devtoo..., se:cdpVersion: 112.0.5615.139, setWindowRect: true, strictFileInteractability: false, timeouts: {implicit: 0, pageLoad: 300000, script: 30000}, unhandledPromptBehavior: dismiss and notify, webauthn:extension:credBlob: true, webauthn:extension:largeBlob: true, webauthn:extension:minPinLength: true, webauthn:extension:prf: true, webauthn:virtualAuthenticators: true}
Session ID: c20bbc5ba027d34403b524ea2aa3bdec
at org.openqa.selenium.remote.codec.w3c.W3CHttpResponseCodec.createException(W3CHttpResponseCodec.java:200)
at org.openqa.selenium.remote.codec.w3c.W3CHttpResponseCodec.decode(W3CHttpResponseCodec.java:133)
at org.openqa.selenium.remote.codec.w3c.W3CHttpResponseCodec.decode(W3CHttpResponseCodec.java:53)
at org.openqa.selenium.remote.HttpCommandExecutor.execute(HttpCommandExecutor.java:193)
at org.openqa.selenium.remote.service.DriverCommandExecutor.invokeExecute(DriverCommandExecutor.java:183)
at org.openqa.selenium.remote.service.DriverCommandExecutor.execute(DriverCommandExecutor.java:158)
at org.openqa.selenium.remote.RemoteWebDriver.execute(RemoteWebDriver.java:543)
at org.openqa.selenium.remote.ElementLocation$ElementFinder$2.findElement(ElementLocation.java:162)
at org.openqa.selenium.remote.ElementLocation.findElement(ElementLocation.java:60)
at org.openqa.selenium.remote.RemoteWebDriver.findElement(RemoteWebDriver.java:352)
at org.openqa.selenium.remote.RemoteWebDriver.findElement(RemoteWebDriver.java:344)
at org.openqa.selenium.support.pagefactory.DefaultElementLocator.findElement(DefaultElementLocator.java:70)
at org.openqa.selenium.support.pagefactory.internal.LocatingElementHandler.invoke(LocatingElementHandler.java:39)
at jdk.proxy2/jdk.proxy2.$Proxy20.click(Unknown Source)
at com.trisysLOS.pageObjects.DashboardPage.clickOnLoansLodule(DashboardPage.java:31)
at com.trisysLOS.tests.CreateLoanPageTest.setUp(CreateLoanPageTest.java:38)
at java.base/java.util.ArrayList.forEach(ArrayList.java:1511)
... Removed 32 stack frames]]>
    </failure>
  </testcase> <!-- @BeforeMethod setUp -->
  <testcase classname="com.trisysLOS.tests.AdminLoginPageTest" name="LOS_TC_Login_001" time="0.026">
    <failure type="java.lang.AssertionError" message="expected [false] but found [true]">
      <![CDATA[java.lang.AssertionError: expected [false] but found [true]
at com.trisysLOS.tests.AdminLoginPageTest.LOS_TC_Login_001(AdminLoginPageTest.java:40)
at java.base/java.util.ArrayList.forEach(ArrayList.java:1511)
... Removed 29 stack frames]]>
    </failure>
  </testcase> <!-- LOS_TC_Login_001 -->
  <testcase classname="com.trisysLOS.tests.AdminLoginPageTest" name="LOS_TC_Login_002" time="1.359"/>
  <testcase classname="com.trisysLOS.tests.CreateLoanPageTest" name="LOS_TC_CreateLoan_002" time="0.0">
    <skipped/>
  </testcase> <!-- LOS_TC_CreateLoan_002 -->
  <testcase classname="com.trisysLOS.tests.CreateLoanPageTest" name="LOS_TC_CreateLoan_004" time="0.0">
    <skipped/>
  </testcase> <!-- LOS_TC_CreateLoan_004 -->
  <testcase classname="com.trisysLOS.tests.CreateLoanPageTest" name="LOS_TC_CreateLoan_005" time="0.0">
    <skipped/>
  </testcase> <!-- LOS_TC_CreateLoan_005 -->
  <testcase classname="com.trisysLOS.tests.CreateLoanPageTest" name="LOS_TC_CreateLoan_012" time="0.0">
    <ignored/>
  </testcase> <!-- LOS_TC_CreateLoan_012 -->
  <testcase classname="com.trisysLOS.tests.AdminLoginPageTest" name="LOS_TC_Login_008" time="0.0">
    <ignored/>
  </testcase> <!-- LOS_TC_Login_008 -->
  <testcase classname="com.trisysLOS.tests.CreateLoanPageTest" name="LOS_TC_CreateLoan_29" time="0.0">
    <ignored/>
  </testcase> <!-- LOS_TC_CreateLoan_29 -->
  <testcase classname="com.trisysLOS.tests.CreateLoanPageTest" name="LOS_TC_CreateLoan_036" time="0.0">
    <ignored/>
  </testcase> <!-- LOS_TC_CreateLoan_036 -->
  <testcase classname="com.trisysLOS.tests.CreateLoanPageTest" name="LOS_TC_CreateLoan_026" time="0.0">
    <ignored/>
  </testcase> <!-- LOS_TC_CreateLoan_026 -->
  <testcase classname="com.trisysLOS.tests.CreateLoanPageTest" name="LOS_TC_CreateLoan_47" time="0.0">
    <ignored/>
  </testcase> <!-- LOS_TC_CreateLoan_47 -->
  <testcase classname="com.trisysLOS.tests.CreateLoanPageTest" name="LOS_TC_CreateLoan_046" time="0.0">
    <ignored/>
  </testcase> <!-- LOS_TC_CreateLoan_046 -->
  <testcase classname="com.trisysLOS.tests.CreateLoanPageTest" name="LOS_TC_CreateLoan_024" time="0.0">
    <ignored/>
  </testcase> <!-- LOS_TC_CreateLoan_024 -->
  <testcase classname="com.trisysLOS.tests.CreateLoanPageTest" name="LOS_TC_CreateLoan_018" time="0.0">
    <ignored/>
  </testcase> <!-- LOS_TC_CreateLoan_018 -->
  <testcase classname="com.trisysLOS.tests.CreateLoanPageTest" name="LOS_TC_CreateLoan_008" time="0.0">
    <ignored/>
  </testcase> <!-- LOS_TC_CreateLoan_008 -->
  <testcase classname="com.trisysLOS.tests.CreateLoanPageTest" name="LOS_TC_CreateLoan_038" time="0.0">
    <ignored/>
  </testcase> <!-- LOS_TC_CreateLoan_038 -->
  <testcase classname="com.trisysLOS.tests.CreateLoanPageTest" name="LOS_TC_CreateLoan_016" time="0.0">
    <ignored/>
  </testcase> <!-- LOS_TC_CreateLoan_016 -->
  <testcase classname="com.trisysLOS.tests.CreateLoanPageTest" name="LOS_TC_CreateLoan_028" time="0.0">
    <ignored/>
  </testcase> <!-- LOS_TC_CreateLoan_028 -->
  <testcase classname="com.trisysLOS.tests.AdminLoginPageTest" name="LOS_TC_Login_006" time="0.0">
    <ignored/>
  </testcase> <!-- LOS_TC_Login_006 -->
  <testcase classname="com.trisysLOS.tests.CreateLoanPageTest" name="LOS_TC_CreateLoan_040" time="0.0">
    <ignored/>
  </testcase> <!-- LOS_TC_CreateLoan_040 -->
  <testcase classname="com.trisysLOS.tests.AdminLoginPageTest" name="LOS_TC_Login_004" time="0.0">
    <ignored/>
  </testcase> <!-- LOS_TC_Login_004 -->
  <testcase classname="com.trisysLOS.tests.CreateLoanPageTest" name="LOS_TC_CreateLoan_010" time="0.0">
    <ignored/>
  </testcase> <!-- LOS_TC_CreateLoan_010 -->
  <testcase classname="com.trisysLOS.tests.CreateLoanPageTest" name="LOS_TC_CreateLoan_022" time="0.0">
    <ignored/>
  </testcase> <!-- LOS_TC_CreateLoan_022 -->
  <testcase classname="com.trisysLOS.tests.CreateLoanPageTest" name="LOS_TC_CreateLoan_030" time="0.0">
    <ignored/>
  </testcase> <!-- LOS_TC_CreateLoan_030 -->
  <testcase classname="com.trisysLOS.tests.CreateLoanPageTest" name="LOS_TC_CreateLoan_020" time="0.0">
    <ignored/>
  </testcase> <!-- LOS_TC_CreateLoan_020 -->
  <testcase classname="com.trisysLOS.tests.CreateLoanPageTest" name="LOS_TC_CreateLoan_042" time="0.0">
    <ignored/>
  </testcase> <!-- LOS_TC_CreateLoan_042 -->
  <testcase classname="com.trisysLOS.tests.CreateLoanPageTest" name="LOS_TC_CreateLoan_023" time="0.0">
    <ignored/>
  </testcase> <!-- LOS_TC_CreateLoan_023 -->
  <testcase classname="com.trisysLOS.tests.CreateLoanPageTest" name="LOS_Tc_CreateLoan_006" time="0.0">
    <ignored/>
  </testcase> <!-- LOS_Tc_CreateLoan_006 -->
  <testcase classname="com.trisysLOS.tests.AdminLoginPageTest" name="LOS_TC_Login_007" time="0.0">
    <ignored/>
  </testcase> <!-- LOS_TC_Login_007 -->
  <testcase classname="com.trisysLOS.tests.CreateLoanPageTest" name="LOS_TC_CreateLoan_025" time="0.0">
    <ignored/>
  </testcase> <!-- LOS_TC_CreateLoan_025 -->
  <testcase classname="com.trisysLOS.tests.CreateLoanPageTest" name="LOS_TC_CreateLoan_003" time="0.0">
    <ignored/>
  </testcase> <!-- LOS_TC_CreateLoan_003 -->
  <testcase classname="com.trisysLOS.tests.CreateLoanPageTest" name="LOS_TC_CreateLoan_037" time="0.0">
    <ignored/>
  </testcase> <!-- LOS_TC_CreateLoan_037 -->
  <testcase classname="com.trisysLOS.tests.CreateLoanPageTest" name="LOS_TC_CreateLoan_015" time="0.0">
    <ignored/>
  </testcase> <!-- LOS_TC_CreateLoan_015 -->
  <testcase classname="com.trisysLOS.tests.CreateLoanPageTest" name="LOS_TC_CreateLoan_007" time="0.0">
    <ignored/>
  </testcase> <!-- LOS_TC_CreateLoan_007 -->
  <testcase classname="com.trisysLOS.tests.CreateLoanPageTest" name="LOS_TC_CreationLoan_48" time="0.0">
    <ignored/>
  </testcase> <!-- LOS_TC_CreationLoan_48 -->
  <testcase classname="com.trisysLOS.tests.CreateLoanPageTest" name="LOS_TC_CreateLoan_019" time="0.0">
    <ignored/>
  </testcase> <!-- LOS_TC_CreateLoan_019 -->
  <testcase classname="com.trisysLOS.tests.CreateLoanPageTest" name="LOS_TC_CreateLoan_027" time="0.0">
    <ignored/>
  </testcase> <!-- LOS_TC_CreateLoan_027 -->
  <testcase classname="com.trisysLOS.tests.CreateLoanPageTest" name="LOS_TC_CreateLoan_017" time="0.0">
    <ignored/>
  </testcase> <!-- LOS_TC_CreateLoan_017 -->
  <testcase classname="com.trisysLOS.tests.CreateLoanPageTest" name="LOS_TC_CreateLoan_039" time="0.0">
    <ignored/>
  </testcase> <!-- LOS_TC_CreateLoan_039 -->
  <testcase classname="com.trisysLOS.tests.AdminLoginPageTest" name="LOS_TC_Login_005" time="0.0">
    <ignored/>
  </testcase> <!-- LOS_TC_Login_005 -->
  <testcase classname="com.trisysLOS.tests.CreateLoanPageTest" name="LOS_TC_CreateLoan_009" time="0.0">
    <ignored/>
  </testcase> <!-- LOS_TC_CreateLoan_009 -->
  <testcase classname="com.trisysLOS.tests.AdminLoginPageTest" name="LOS_TC_Login_003" time="0.0">
    <ignored/>
  </testcase> <!-- LOS_TC_Login_003 -->
  <testcase classname="com.trisysLOS.tests.CreateLoanPageTest" name="LOS_TC_CreateLoan_021" time="0.0">
    <ignored/>
  </testcase> <!-- LOS_TC_CreateLoan_021 -->
  <testcase classname="com.trisysLOS.tests.CreateLoanPageTest" name="LOS_TC_CreateLoan_041" time="0.0">
    <ignored/>
  </testcase> <!-- LOS_TC_CreateLoan_041 -->
  <testcase classname="com.trisysLOS.tests.CreateLoanPageTest" name="LOS_TC_CreateLoan_031" time="0.0">
    <ignored/>
  </testcase> <!-- LOS_TC_CreateLoan_031 -->
</testsuite> <!-- Sanity Testing -->
